/opt/spack/var/spack/environments/base/.spack-env/view/lib/python3.11/site-packages/openmc/mixin.py:70: IDWarning: Another Material instance already exists with id=6.
  warn(msg, IDWarning)
/opt/spack/var/spack/environments/base/.spack-env/view/lib/python3.11/site-packages/openmc/mixin.py:70: IDWarning: Another Material instance already exists with id=6.
  warn(msg, IDWarning)
/opt/spack/var/spack/environments/base/.spack-env/view/lib/python3.11/site-packages/openmc/mixin.py:70: IDWarning: Another Material instance already exists with id=6.
  warn(msg, IDWarning)
/opt/spack/var/spack/environments/base/.spack-env/view/lib/python3.11/site-packages/openmc/mixin.py:70: IDWarning: Another Material instance already exists with id=6.
  warn(msg, IDWarning)
/opt/spack/var/spack/environments/base/.spack-env/view/lib/python3.11/site-packages/openmc/mixin.py:70: IDWarning: Another Material instance already exists with id=6.
  warn(msg, IDWarning)
/opt/spack/var/spack/environments/base/.spack-env/view/lib/python3.11/site-packages/openmc/mixin.py:70: IDWarning: Another Material instance already exists with id=6.
  warn(msg, IDWarning)
/opt/spack/var/spack/environments/base/.spack-env/view/lib/python3.11/site-packages/openmc/mixin.py:70: IDWarning: Another Material instance already exists with id=6.
  warn(msg, IDWarning)
/opt/spack/var/spack/environments/base/.spack-env/view/lib/python3.11/site-packages/openmc/stats/multivariate.py:960: FutureWarning: The 'only_fissionable' has been deprecated. Use the 'constraints' argument when defining a source instead.
  warn("The 'only_fissionable' has been deprecated. Use the "
/opt/spack/var/spack/environments/base/.spack-env/view/lib/python3.11/site-packages/openmc/stats/multivariate.py:960: FutureWarning: The 'only_fissionable' has been deprecated. Use the 'constraints' argument when defining a source instead.
  warn("The 'only_fissionable' has been deprecated. Use the "
/opt/spack/var/spack/environments/base/.spack-env/view/lib/python3.11/site-packages/openmc/stats/multivariate.py:960: FutureWarning: The 'only_fissionable' has been deprecated. Use the 'constraints' argument when defining a source instead.
  warn("The 'only_fissionable' has been deprecated. Use the "
/opt/spack/var/spack/environments/base/.spack-env/view/lib/python3.11/site-packages/openmc/stats/multivariate.py:960: FutureWarning: The 'only_fissionable' has been deprecated. Use the 'constraints' argument when defining a source instead.
  warn("The 'only_fissionable' has been deprecated. Use the "
/opt/spack/var/spack/environments/base/.spack-env/view/lib/python3.11/site-packages/openmc/mixin.py:70: IDWarning: Another Material instance already exists with id=6.
  warn(msg, IDWarning)
/opt/spack/var/spack/environments/base/.spack-env/view/lib/python3.11/site-packages/openmc/mixin.py:70: IDWarning: Another Material instance already exists with id=6.
  warn(msg, IDWarning)
/opt/spack/var/spack/environments/base/.spack-env/view/lib/python3.11/site-packages/openmc/stats/multivariate.py:960: FutureWarning: The 'only_fissionable' has been deprecated. Use the 'constraints' argument when defining a source instead.
  warn("The 'only_fissionable' has been deprecated. Use the "
/opt/spack/var/spack/environments/base/.spack-env/view/lib/python3.11/site-packages/openmc/stats/multivariate.py:960: FutureWarning: The 'only_fissionable' has been deprecated. Use the 'constraints' argument when defining a source instead.
  warn("The 'only_fissionable' has been deprecated. Use the "
/opt/spack/var/spack/environments/base/.spack-env/view/lib/python3.11/site-packages/openmc/stats/multivariate.py:960: FutureWarning: The 'only_fissionable' has been deprecated. Use the 'constraints' argument when defining a source instead.
  warn("The 'only_fissionable' has been deprecated. Use the "
/opt/spack/var/spack/environments/base/.spack-env/view/lib/python3.11/site-packages/openmc/stats/multivariate.py:960: FutureWarning: The 'only_fissionable' has been deprecated. Use the 'constraints' argument when defining a source instead.
  warn("The 'only_fissionable' has been deprecated. Use the "
/opt/spack/var/spack/environments/base/.spack-env/view/lib/python3.11/site-packages/openmc/mixin.py:70: IDWarning: Another Material instance already exists with id=6.
  warn(msg, IDWarning)
/opt/spack/var/spack/environments/base/.spack-env/view/lib/python3.11/site-packages/openmc/stats/multivariate.py:960: FutureWarning: The 'only_fissionable' has been deprecated. Use the 'constraints' argument when defining a source instead.
  warn("The 'only_fissionable' has been deprecated. Use the "
/opt/spack/var/spack/environments/base/.spack-env/view/lib/python3.11/site-packages/openmc/stats/multivariate.py:960: FutureWarning: The 'only_fissionable' has been deprecated. Use the 'constraints' argument when defining a source instead.
  warn("The 'only_fissionable' has been deprecated. Use the "
 WARNING: Negative value(s) found on probability table for nuclide Na22 at 250K
 WARNING: Negative value(s) found on probability table for nuclide Na22 at 294K
 WARNING: Negative value(s) found on probability table for nuclide Na22 at 600K
 WARNING: Negative value(s) found on probability table for nuclide Na22 at 900K
 WARNING: Negative value(s) found on probability table for nuclide Na22 at 1200K
 WARNING: Negative value(s) found on probability table for nuclide Na22 at 2500K
 WARNING: Negative value(s) found on probability table for nuclide Ar36 at 250K
 WARNING: Negative value(s) found on probability table for nuclide Ar36 at 294K
 WARNING: Negative value(s) found on probability table for nuclide Ar36 at 600K
 WARNING: Negative value(s) found on probability table for nuclide Ar36 at 900K
 WARNING: Negative value(s) found on probability table for nuclide Ar36 at 1200K
 WARNING: Negative value(s) found on probability table for nuclide Ar36 at 2500K
 WARNING: Negative value(s) found on probability table for nuclide Se79 at 250K
 WARNING: Negative value(s) found on probability table for nuclide Se79 at 294K
 WARNING: Negative value(s) found on probability table for nuclide Se79 at 600K
 WARNING: Negative value(s) found on probability table for nuclide Se79 at 900K
 WARNING: Negative value(s) found on probability table for nuclide Se79 at 1200K
 WARNING: Negative value(s) found on probability table for nuclide Nb94 at 250K
 WARNING: Negative value(s) found on probability table for nuclide Nb94 at 294K
 WARNING: Negative value(s) found on probability table for nuclide Nb94 at 600K
 WARNING: Negative value(s) found on probability table for nuclide Nb94 at 900K
 WARNING: Negative value(s) found on probability table for nuclide Nb94 at 1200K
 WARNING: Negative value(s) found on probability table for nuclide Nb94 at 2500K
 WARNING: Negative value(s) found on probability table for nuclide Nb95 at 250K
 WARNING: Negative value(s) found on probability table for nuclide Nb95 at 294K
 WARNING: Negative value(s) found on probability table for nuclide Nb95 at 600K
 WARNING: Negative value(s) found on probability table for nuclide Nb95 at 900K
 WARNING: Negative value(s) found on probability table for nuclide Nb95 at 1200K
 WARNING: Negative value(s) found on probability table for nuclide Mo99 at 250K
 WARNING: Negative value(s) found on probability table for nuclide Mo99 at 294K
 WARNING: Negative value(s) found on probability table for nuclide Mo99 at 600K
 WARNING: Negative value(s) found on probability table for nuclide Mo99 at 900K
 WARNING: Negative value(s) found on probability table for nuclide Mo99 at 1200K
 WARNING: Negative value(s) found on probability table for nuclide Mo99 at 2500K
 WARNING: Negative value(s) found on probability table for nuclide Cd106 at 250K
 WARNING: Negative value(s) found on probability table for nuclide Cd106 at 294K
 WARNING: Negative value(s) found on probability table for nuclide Cd106 at 600K
 WARNING: Negative value(s) found on probability table for nuclide Cd106 at 900K
 WARNING: Negative value(s) found on probability table for nuclide Cd106 at
          1200K
 WARNING: Negative value(s) found on probability table for nuclide Cd106 at
          2500K
 WARNING: Negative value(s) found on probability table for nuclide Sn123 at 250K
 WARNING: Negative value(s) found on probability table for nuclide Sn123 at 294K
 WARNING: Negative value(s) found on probability table for nuclide Sn123 at 600K
 WARNING: Negative value(s) found on probability table for nuclide Sn123 at 900K
 WARNING: Negative value(s) found on probability table for nuclide Sn123 at
          1200K
 WARNING: Negative value(s) found on probability table for nuclide Sn123 at
          2500K
 WARNING: Negative value(s) found on probability table for nuclide Te120 at 600K
 WARNING: Negative value(s) found on probability table for nuclide Te120 at 900K
 WARNING: Negative value(s) found on probability table for nuclide Te120 at
          1200K
 WARNING: Negative value(s) found on probability table for nuclide Te120 at
          2500K
 WARNING: Negative value(s) found on probability table for nuclide I131 at 250K
 WARNING: Negative value(s) found on probability table for nuclide I131 at 294K
 WARNING: Negative value(s) found on probability table for nuclide I131 at 600K
 WARNING: Negative value(s) found on probability table for nuclide I131 at 900K
 WARNING: Negative value(s) found on probability table for nuclide I131 at 1200K
 WARNING: Negative value(s) found on probability table for nuclide I131 at 2500K
 WARNING: Negative value(s) found on probability table for nuclide Xe133 at
          2500K
 WARNING: Negative value(s) found on probability table for nuclide Cs136 at 250K
 WARNING: Negative value(s) found on probability table for nuclide Cs136 at 294K
 WARNING: Negative value(s) found on probability table for nuclide Cs136 at 600K
 WARNING: Negative value(s) found on probability table for nuclide Cs136 at 900K
 WARNING: Negative value(s) found on probability table for nuclide Cs136 at
          1200K
 WARNING: Negative value(s) found on probability table for nuclide Cs136 at
          2500K
 WARNING: Negative value(s) found on probability table for nuclide Eu156 at 250K
 WARNING: Negative value(s) found on probability table for nuclide Eu156 at 294K
 WARNING: Negative value(s) found on probability table for nuclide Eu156 at 600K
 WARNING: Negative value(s) found on probability table for nuclide Eu156 at 900K
 WARNING: Negative value(s) found on probability table for nuclide Eu156 at
          1200K
 WARNING: Negative value(s) found on probability table for nuclide Eu156 at
          2500K
 WARNING: Negative value(s) found on probability table for nuclide Cf250 at 250K
 WARNING: Negative value(s) found on probability table for nuclide Cf250 at 294K
 WARNING: Negative value(s) found on probability table for nuclide Cf250 at 900K
 WARNING: Negative value(s) found on probability table for nuclide Cf250 at
          1200K
srun: Job step aborted: Waiting up to 32 seconds for job step to finish.
slurmstepd: error: *** JOB 905092 ON spark-a248 CANCELLED AT 2026-04-07T23:16:10 ***
