 ====================>     TALLY 27: FLUX_SPECTRUM     <====================

 Incoming Energy [1e-05, 0.00011)
   Total Material
     Flux                                 0 +/- 0
 Incoming Energy [0.00011, 0.003)
   Total Material
     Flux                                 0 +/- 0
 Incoming Energy [0.003, 0.0055)
   Total Material
     Flux                                 0 +/- 0
 Incoming Energy [0.0055, 0.01)
   Total Material
     Flux                                 0 +/- 0
 Incoming Energy [0.01, 0.015)
   Total Material
     Flux                                 0 +/- 0
 Incoming Energy [0.015, 0.02)
   Total Material
     Flux                                 0 +/- 0
 Incoming Energy [0.02, 0.03)
   Total Material
     Flux                                 0 +/- 0
 Incoming Energy [0.03, 0.032)
   Total Material
     Flux                                 0 +/- 0
 Incoming Energy [0.032, 0.03238)
   Total Material
     Flux                                 0 +/- 0
 Incoming Energy [0.03238, 0.043)
   Total Material
     Flux                                 0 +/- 0
 Incoming Energy [0.043, 0.059)
   Total Material
     Flux                                 0 +/- 0
 Incoming Energy [0.059, 0.077)
   Total Material
     Flux                                 0 +/- 0
 Incoming Energy [0.077, 0.095)
   Total Material
     Flux                                 0 +/- 0
 Incoming Energy [0.095, 0.1)
   Total Material
     Flux                                 0 +/- 0
 Incoming Energy [0.1, 0.115)
   Total Material
     Flux                                 0 +/- 0
 Incoming Energy [0.115, 0.134)
   Total Material
     Flux                                 0 +/- 0
 Incoming Energy [0.134, 0.16)
   Total Material
     Flux                                 0 +/- 0
 Incoming Energy [0.16, 0.189)
   Total Material
     Flux                                 0 +/- 0
 Incoming Energy [0.189, 0.22)
   Total Material
     Flux                                 0 +/- 0
 Incoming Energy [0.22, 0.248)
   Total Material
     Flux                                 0 +/- 0
 Incoming Energy [0.248, 0.2825)
   Total Material
     Flux                                 0 +/- 0
 Incoming Energy [0.2825, 0.3145)
   Total Material
     Flux                                 0 +/- 0
 Incoming Energy [0.3145, 0.352)
   Total Material
     Flux                                 0 +/- 0
 Incoming Energy [0.352, 0.391)
   Total Material
     Flux                                 3.15188e-07 +/- 3.15188e-07
 Incoming Energy [0.391, 0.414)
   Total Material
     Flux                                 0 +/- 0
 Incoming Energy [0.414, 0.433)
   Total Material
     Flux                                 0 +/- 0
 Incoming Energy [0.433, 0.485)
   Total Material
     Flux                                 6.32008e-07 +/- 6.32008e-07
 Incoming Energy [0.485, 0.5316)
   Total Material
     Flux                                 0 +/- 0
 Incoming Energy [0.5316, 0.54)
   Total Material
     Flux                                 0 +/- 0
 Incoming Energy [0.54, 0.625)
   Total Material
     Flux                                 0 +/- 0
 Incoming Energy [0.625, 0.6826)
   Total Material
     Flux                                 0 +/- 0
 Incoming Energy [0.6826, 0.705)
   Total Material
     Flux                                 0 +/- 0
 Incoming Energy [0.705, 0.79)
   Total Material
     Flux                                 0 +/- 0
 Incoming Energy [0.79, 0.86)
   Total Material
     Flux                                 0 +/- 0
 Incoming Energy [0.86, 0.8764)
   Total Material
     Flux                                 0 +/- 0
 Incoming Energy [0.8764, 0.93)
   Total Material
     Flux                                 0 +/- 0
 Incoming Energy [0.93, 0.986)
   Total Material
     Flux                                 0 +/- 0
 Incoming Energy [0.986, 1.01)
   Total Material
     Flux                                 0 +/- 0
 Incoming Energy [1.01, 1.035)
   Total Material
     Flux                                 0 +/- 0
 Incoming Energy [1.035, 1.07)
   Total Material
     Flux                                 0 +/- 0
 Incoming Energy [1.07, 1.08)
   Total Material
     Flux                                 0 +/- 0
 Incoming Energy [1.08, 1.09)
   Total Material
     Flux                                 0 +/- 0
 Incoming Energy [1.09, 1.11)
   Total Material
     Flux                                 0 +/- 0
 Incoming Energy [1.11, 1.125)
   Total Material
     Flux                                 0 +/- 0
 Incoming Energy [1.125, 1.17)
   Total Material
     Flux                                 0 +/- 0
 Incoming Energy [1.17, 1.235)
   Total Material
     Flux                                 0 +/- 0
 Incoming Energy [1.235, 1.305)
   Total Material
     Flux                                 0 +/- 0
 Incoming Energy [1.305, 1.37)
   Total Material
     Flux                                 0 +/- 0
 Incoming Energy [1.37, 1.44)
   Total Material
     Flux                                 0 +/- 0
 Incoming Energy [1.44, 1.445)
   Total Material
     Flux                                 0 +/- 0
 Incoming Energy [1.445, 1.51)
   Total Material
     Flux                                 0 +/- 0
 Incoming Energy [1.51, 1.59)
   Total Material
     Flux                                 7.88412e-07 +/- 7.88412e-07
 Incoming Energy [1.59, 1.67)
   Total Material
     Flux                                 7.31603e-07 +/- 7.31603e-07
 Incoming Energy [1.67, 1.755)
   Total Material
     Flux                                 0 +/- 0
 Incoming Energy [1.755, 1.84)
   Total Material
     Flux                                 0 +/- 0
 Incoming Energy [1.84, 1.855)
   Total Material
     Flux                                 0 +/- 0
 Incoming Energy [1.855, 1.93)
   Total Material
     Flux                                 0 +/- 0
 Incoming Energy [1.93, 2.02)
   Total Material
     Flux                                 0 +/- 0
 Incoming Energy [2.02, 2.13)
   Total Material
     Flux                                 4.84129e-07 +/- 4.84129e-07
 Incoming Energy [2.13, 2.36)
   Total Material
     Flux                                 0 +/- 0
 Incoming Energy [2.36, 2.372)
   Total Material
     Flux                                 0 +/- 0
 Incoming Energy [2.372, 2.768)
   Total Material
     Flux                                 6.95991e-07 +/- 6.95991e-07
 Incoming Energy [2.768, 3.059)
   Total Material
     Flux                                 0 +/- 0
 Incoming Energy [3.059, 3.381)
   Total Material
     Flux                                 5.54119e-09 +/- 5.54119e-09
 Incoming Energy [3.381, 3.928)
   Total Material
     Flux                                 3.15252e-06 +/- 2.45159e-06
 Incoming Energy [3.928, 4.129)
   Total Material
     Flux                                 3.60533e-07 +/- 3.60533e-07
 Incoming Energy [4.129, 4.47)
   Total Material
     Flux                                 3.1916e-06 +/- 2.25211e-06
 Incoming Energy [4.47, 4.67)
   Total Material
     Flux                                 1.01194e-06 +/- 9.57426e-07
 Incoming Energy [4.67, 5.043)
   Total Material
     Flux                                 1.55526e-07 +/- 1.55526e-07
 Incoming Energy [5.043, 5.623)
   Total Material
     Flux                                 0 +/- 0
 Incoming Energy [5.623, 6.16)
   Total Material
     Flux                                 1.35856e-06 +/- 8.61537e-07
 Incoming Energy [6.16, 6.476)
   Total Material
     Flux                                 6.78386e-07 +/- 4.95382e-07
 Incoming Energy [6.476, 7.079)
   Total Material
     Flux                                 0 +/- 0
 Incoming Energy [7.079, 7.524)
   Total Material
     Flux                                 9.39452e-07 +/- 7.99736e-07
 Incoming Energy [7.524, 7.943)
   Total Material
     Flux                                 2.46951e-08 +/- 2.46951e-08
 Incoming Energy [7.943, 8.315)
   Total Material
     Flux                                 1.6714e-07 +/- 1.6714e-07
 Incoming Energy [8.315, 8.913)
   Total Material
     Flux                                 1.50252e-07 +/- 1.21245e-07
 Incoming Energy [8.913, 9.19)
   Total Material
     Flux                                 7.88073e-08 +/- 7.88073e-08
 Incoming Energy [9.19, 10)
   Total Material
     Flux                                 3.36476e-06 +/- 2.04856e-06
 Incoming Energy [10, 10.68)
   Total Material
     Flux                                 1.50063e-06 +/- 1.50063e-06
 Incoming Energy [10.68, 11.22)
   Total Material
     Flux                                 1.44268e-06 +/- 1.01806e-06
 Incoming Energy [11.22, 12.59)
   Total Material
     Flux                                 8.50525e-08 +/- 5.90525e-08
 Incoming Energy [12.59, 13.71)
   Total Material
     Flux                                 1.10606e-06 +/- 6.96476e-07
 Incoming Energy [13.71, 15.23)
   Total Material
     Flux                                 3.10328e-06 +/- 1.40133e-06
 Incoming Energy [15.23, 16.74)
   Total Material
     Flux                                 4.80779e-06 +/- 2.30034e-06
 Incoming Energy [16.74, 17.6)
   Total Material
     Flux                                 3.78471e-06 +/- 2.51244e-06
 Incoming Energy [17.6, 19.03)
   Total Material
     Flux                                 1.72982e-06 +/- 7.86796e-07
 Incoming Energy [19.03, 20.45)
   Total Material
     Flux                                 1.2919e-06 +/- 9.05229e-07
 Incoming Energy [20.45, 22.6)
   Total Material
     Flux                                 4.13238e-06 +/- 2.60441e-06
 Incoming Energy [22.6, 24.98)
   Total Material
     Flux                                 7.12072e-06 +/- 2.21674e-06
 Incoming Energy [24.98, 27.92)
   Total Material
     Flux                                 8.67032e-06 +/- 2.76109e-06
 Incoming Energy [27.92, 29.2)
   Total Material
     Flux                                 3.12433e-06 +/- 1.51018e-06
 Incoming Energy [29.2, 30.51)
   Total Material
     Flux                                 9.51251e-06 +/- 4.4381e-06
 Incoming Energy [30.51, 33.89)
   Total Material
     Flux                                 1.0655e-05 +/- 3.81718e-06
 Incoming Energy [33.89, 37.27)
   Total Material
     Flux                                 1.74993e-06 +/- 9.50988e-07
 Incoming Energy [37.27, 39.81)
   Total Material
     Flux                                 4.55471e-06 +/- 1.82336e-06
 Incoming Energy [39.81, 45.52)
   Total Material
     Flux                                 1.63031e-05 +/- 4.01099e-06
 Incoming Energy [45.52, 47.85)
   Total Material
     Flux                                 1.02231e-05 +/- 3.30108e-06
 Incoming Energy [47.85, 50.12)
   Total Material
     Flux                                 2.80258e-06 +/- 1.09392e-06
 Incoming Energy [50.12, 55.59)
   Total Material
     Flux                                 2.25953e-05 +/- 5.08624e-06
 Incoming Energy [55.59, 61.44)
   Total Material
     Flux                                 2.1719e-05 +/- 4.54439e-06
 Incoming Energy [61.44, 63.1)
   Total Material
     Flux                                 5.79232e-06 +/- 2.18869e-06
 Incoming Energy [63.1, 67.9)
   Total Material
     Flux                                 1.68687e-05 +/- 3.48034e-06
 Incoming Energy [67.9, 70.79)
   Total Material
     Flux                                 1.05752e-05 +/- 3.36638e-06
 Incoming Energy [70.79, 78.89)
   Total Material
     Flux                                 4.34611e-05 +/- 7.78899e-06
 Incoming Energy [78.89, 85.28)
   Total Material
     Flux                                 1.99816e-05 +/- 4.24428e-06
 Incoming Energy [85.28, 91.66)
   Total Material
     Flux                                 3.10576e-05 +/- 5.83355e-06
 Incoming Energy [91.66, 101.3)
   Total Material
     Flux                                 7.54395e-05 +/- 1.08526e-05
 Incoming Energy [101.3, 112.2)
   Total Material
     Flux                                 6.75543e-05 +/- 9.31674e-06
 Incoming Energy [112.2, 130.1)
   Total Material
     Flux                                 0.000172811 +/- 1.56987e-05
 Incoming Energy [130.1, 136.7)
   Total Material
     Flux                                 5.8311e-05 +/- 6.67557e-06
 Incoming Energy [136.7, 158.5)
   Total Material
     Flux                                 0.000355997 +/- 2.43992e-05
 Incoming Energy [158.5, 167)
   Total Material
     Flux                                 0.000129747 +/- 1.05339e-05
 Incoming Energy [167, 177.8)
   Total Material
     Flux                                 0.000235354 +/- 1.74154e-05
 Incoming Energy [177.8, 204)
   Total Material
     Flux                                 0.000769032 +/- 3.37952e-05
 Incoming Energy [204, 214.5)
   Total Material
     Flux                                 0.000406127 +/- 2.17639e-05
 Incoming Energy [214.5, 243)
   Total Material
     Flux                                 0.00162428 +/- 5.05827e-05
 Incoming Energy [243, 275.4)
   Total Material
     Flux                                 0.00321939 +/- 7.71543e-05
 Incoming Energy [275.4, 304.3)
   Total Material
     Flux                                 0.00461176 +/- 8.15815e-05
 Incoming Energy [304.3, 353.6)
   Total Material
     Flux                                 0.0116141 +/- 0.000145408
 Incoming Energy [353.6, 398.1)
   Total Material
     Flux                                 0.0137645 +/- 0.000157389
 Incoming Energy [398.1, 454)
   Total Material
     Flux                                 0.0252902 +/- 0.000211298
 Incoming Energy [454, 514.5)
   Total Material
     Flux                                 0.0395484 +/- 0.000277069
 Incoming Energy [514.5, 583)
   Total Material
     Flux                                 0.0623735 +/- 0.000320512
 Incoming Energy [583, 631)
   Total Material
     Flux                                 0.0599097 +/- 0.000347508
 Incoming Energy [631, 677.3)
   Total Material
     Flux                                 0.0712329 +/- 0.000337702
 Incoming Energy [677.3, 707.9)
   Total Material
     Flux                                 0.0538392 +/- 0.000277032
 Incoming Energy [707.9, 748.5)
   Total Material
     Flux                                 0.076515 +/- 0.00032845
 Incoming Energy [748.5, 848.2)
   Total Material
     Flux                                 0.244997 +/- 0.000649233
 Incoming Energy [848.2, 961.1)
   Total Material
     Flux                                 0.322577 +/- 0.000811131
 Incoming Energy [961.1, 1010)
   Total Material
     Flux                                 0.164389 +/- 0.000460865
 Incoming Energy [1010, 1117)
   Total Material
     Flux                                 0.397043 +/- 0.000854299
 Incoming Energy [1117, 1234)
   Total Material
     Flux                                 0.485866 +/- 0.00086535
 Incoming Energy [1234, 1364)
   Total Material
     Flux                                 0.564441 +/- 0.000927453
 Incoming Energy [1364, 1507)
   Total Material
     Flux                                 0.678112 +/- 0.00117691
 Incoming Energy [1507, 1585)
   Total Material
     Flux                                 0.363137 +/- 0.000703446
 Incoming Energy [1585, 1796)
   Total Material
     Flux                                 0.871889 +/- 0.00114751
 Incoming Energy [1796, 2035)
   Total Material
     Flux                                 0.729216 +/- 0.000894587
 Incoming Energy [2035, 2113)
   Total Material
     Flux                                 0.166401 +/- 0.000322411
 Incoming Energy [2113, 2249)
   Total Material
     Flux                                 0.219107 +/- 0.000324592
 Incoming Energy [2249, 2371)
   Total Material
     Flux                                 0.120802 +/- 0.00018694
 Incoming Energy [2371, 2485)
   Total Material
     Flux                                 0.0693598 +/- 0.000117704
 Incoming Energy [2485, 2613)
   Total Material
     Flux                                 0.0411905 +/- 6.72981e-05
 Incoming Energy [2613, 2661)
   Total Material
     Flux                                 0.00901862 +/- 2.37717e-05
 Incoming Energy [2661, 2747)
   Total Material
     Flux                                 0.0110223 +/- 2.47806e-05
 Incoming Energy [2747, 2818)
   Total Material
     Flux                                 0.0067382 +/- 1.48605e-05
 Incoming Energy [2818, 3035)
   Total Material
     Flux                                 0.0265817 +/- 4.15286e-05
 Incoming Energy [3035, 3162)
   Total Material
     Flux                                 0.0302661 +/- 5.00415e-05
 Incoming Energy [3162, 3355)
   Total Material
     Flux                                 0.0771481 +/- 0.000117218
 Incoming Energy [3355, 3548)
   Total Material
     Flux                                 0.121381 +/- 0.00019374
 Incoming Energy [3548, 3707)
   Total Material
     Flux                                 0.130042 +/- 0.000196904
 Incoming Energy [3707, 3981)
   Total Material
     Flux                                 0.288197 +/- 0.000416605
 Incoming Energy [3981, 4307)
   Total Material
     Flux                                 0.440639 +/- 0.000524365
 Incoming Energy [4307, 4643)
   Total Material
     Flux                                 0.545561 +/- 0.000662476
 Incoming Energy [4643, 5004)
   Total Material
     Flux                                 0.673493 +/- 0.000801958
 Incoming Energy [5004, 5531)
   Total Material
     Flux                                 1.10601 +/- 0.00114559
 Incoming Energy [5531, 6267)
   Total Material
     Flux                                 1.71749 +/- 0.00166163
 Incoming Energy [6267, 7102)
   Total Material
     Flux                                 2.16625 +/- 0.00206432
 Incoming Energy [7102, 7466)
   Total Material
     Flux                                 1.00357 +/- 0.00123668
 Incoming Energy [7466, 8251)
   Total Material
     Flux                                 2.32267 +/- 0.00197724
 Incoming Energy [8251, 9119)
   Total Material
     Flux                                 0.978792 +/- 0.000896922
 Incoming Energy [9119, 10080)
   Total Material
     Flux                                 2.10593 +/- 0.00165574
 Incoming Energy [10080, 11140)
   Total Material
     Flux                                 2.55583 +/- 0.0021397
 Incoming Energy [11140, 11710)
   Total Material
     Flux                                 1.42058 +/- 0.00125327
 Incoming Energy [11710, 12730)
   Total Material
     Flux                                 2.61199 +/- 0.00202121
 Incoming Energy [12730, 13830)
   Total Material
     Flux                                 2.81161 +/- 0.00210412
 Incoming Energy [13830, 15030)
   Total Material
     Flux                                 3.11053 +/- 0.002155
 Incoming Energy [15030, 15850)
   Total Material
     Flux                                 2.12979 +/- 0.00164479
 Incoming Energy [15850, 16620)
   Total Material
     Flux                                 2.0191 +/- 0.00163859
 Incoming Energy [16620, 17780)
   Total Material
     Flux                                 3.07131 +/- 0.00211907
 Incoming Energy [17780, 19310)
   Total Material
     Flux                                 3.96788 +/- 0.00265846
 Incoming Energy [19310, 19950)
   Total Material
     Flux                                 1.73627 +/- 0.00164935
 Incoming Energy [19950, 20540)
   Total Material
     Flux                                 1.5919 +/- 0.00141734
 Incoming Energy [20540, 21130)
   Total Material
     Flux                                 1.55471 +/- 0.00134962
 Incoming Energy [21130, 21870)
   Total Material
     Flux                                 1.8725 +/- 0.00150641
 Incoming Energy [21870, 22390)
   Total Material
     Flux                                 1.35805 +/- 0.00131894
 Incoming Energy [22390, 23040)
   Total Material
     Flux                                 1.8809 +/- 0.00176716
 Incoming Energy [23040, 23580)
   Total Material
     Flux                                 1.66411 +/- 0.00143817
 Incoming Energy [23580, 24180)
   Total Material
     Flux                                 1.72224 +/- 0.00132388
 Incoming Energy [24180, 24410)
   Total Material
     Flux                                 0.54865 +/- 0.000678671
 Incoming Energy [24410, 24790)
   Total Material
     Flux                                 0.68752 +/- 0.000726426
 Incoming Energy [24790, 25120)
   Total Material
     Flux                                 0.342883 +/- 0.000430229
 Incoming Energy [25120, 25850)
   Total Material
     Flux                                 0.244379 +/- 0.000224933
 Incoming Energy [25850, 26060)
   Total Material
     Flux                                 0.0794879 +/- 0.000112748
 Incoming Energy [26060, 26610)
   Total Material
     Flux                                 0.385749 +/- 0.000389289
 Incoming Energy [26610, 27000)
   Total Material
     Flux                                 0.407406 +/- 0.000459444
 Incoming Energy [27000, 27380)
   Total Material
     Flux                                 0.476739 +/- 0.000505383
 Incoming Energy [27380, 28180)
   Total Material
     Flux                                 1.11567 +/- 0.00094518
 Incoming Energy [28180, 28500)
   Total Material
     Flux                                 0.514832 +/- 0.000671185
 Incoming Energy [28500, 29010)
   Total Material
     Flux                                 0.858816 +/- 0.000807416
 Incoming Energy [29010, 29850)
   Total Material
     Flux                                 1.46882 +/- 0.00123971
 Incoming Energy [29850, 30730)
   Total Material
     Flux                                 1.58604 +/- 0.00130993
 Incoming Energy [30730, 31620)
   Total Material
     Flux                                 1.61656 +/- 0.00136577
 Incoming Energy [31620, 31830)
   Total Material
     Flux                                 0.37492 +/- 0.000553494
 Incoming Energy [31830, 34310)
   Total Material
     Flux                                 4.48358 +/- 0.00243586
 Incoming Energy [34310, 36980)
   Total Material
     Flux                                 4.9135 +/- 0.00262584
 Incoming Energy [36980, 40870)
   Total Material
     Flux                                 6.99607 +/- 0.00358034
 Incoming Energy [40870, 43590)
   Total Material
     Flux                                 5.22035 +/- 0.00301172
 Incoming Energy [43590, 46310)
   Total Material
     Flux                                 5.37195 +/- 0.00305869
 Incoming Energy [46310, 49390)
   Total Material
     Flux                                 2.38199 +/- 0.00142756
 Incoming Energy [49390, 52480)
   Total Material
     Flux                                 2.994 +/- 0.00173787
 Incoming Energy [52480, 55170)
   Total Material
     Flux                                 1.58075 +/- 0.000967776
 Incoming Energy [55170, 56560)
   Total Material
     Flux                                 1.22736 +/- 0.000905921
 Incoming Energy [56560, 61730)
   Total Material
     Flux                                 6.60644 +/- 0.00296602
 Incoming Energy [61730, 67380)
   Total Material
     Flux                                 6.86744 +/- 0.00292287
 Incoming Energy [67380, 72000)
   Total Material
     Flux                                 5.718 +/- 0.00284145
 Incoming Energy [72000, 74990)
   Total Material
     Flux                                 3.69745 +/- 0.00234862
 Incoming Energy [74990, 79500)
   Total Material
     Flux                                 5.46088 +/- 0.00280085
 Incoming Energy [79500, 82300)
   Total Material
     Flux                                 3.16124 +/- 0.0022335
 Incoming Energy [82300, 82500)
   Total Material
     Flux                                 0.223309 +/- 0.000452001
 Incoming Energy [82500, 86520)
   Total Material
     Flux                                 4.94566 +/- 0.00288289
 Incoming Energy [86520, 98040)
   Total Material
     Flux                                 11.4172 +/- 0.00501884
 Incoming Energy [98040, 111100)
   Total Material
     Flux                                 12.3523 +/- 0.00442814
 Incoming Energy [111100, 116800)
   Total Material
     Flux                                 5.14845 +/- 0.00264727
 Incoming Energy [116800, 122800)
   Total Material
     Flux                                 5.76294 +/- 0.00274161
 Incoming Energy [122800, 129100)
   Total Material
     Flux                                 5.48996 +/- 0.00262546
 Incoming Energy [129100, 135700)
   Total Material
     Flux                                 6.5575 +/- 0.00305797
 Incoming Energy [135700, 142600)
   Total Material
     Flux                                 3.04824 +/- 0.00162963
 Incoming Energy [142600, 150000)
   Total Material
     Flux                                 3.96581 +/- 0.00207176
 Incoming Energy [150000, 157600)
   Total Material
     Flux                                 4.94821 +/- 0.00242746
 Incoming Energy [157600, 165700)
   Total Material
     Flux                                 5.49051 +/- 0.00282817
 Incoming Energy [165700, 174200)
   Total Material
     Flux                                 5.74653 +/- 0.00264753
 Incoming Energy [174200, 183200)
   Total Material
     Flux                                 4.65992 +/- 0.00239682
 Incoming Energy [183200, 192500)
   Total Material
     Flux                                 4.43487 +/- 0.00223383
 Incoming Energy [192500, 202400)
   Total Material
     Flux                                 3.80958 +/- 0.00201188
 Incoming Energy [202400, 212800)
   Total Material
     Flux                                 4.24749 +/- 0.00199699
 Incoming Energy [212800, 223700)
   Total Material
     Flux                                 4.27026 +/- 0.00210457
 Incoming Energy [223700, 235200)
   Total Material
     Flux                                 4.66565 +/- 0.00238234
 Incoming Energy [235200, 247200)
   Total Material
     Flux                                 3.93003 +/- 0.00199935
 Incoming Energy [247200, 273200)
   Total Material
     Flux                                 10.3763 +/- 0.00397999
 Incoming Energy [273200, 287300)
   Total Material
     Flux                                 6.05912 +/- 0.00290312
 Incoming Energy [287300, 294500)
   Total Material
     Flux                                 3.23534 +/- 0.00245289
 Incoming Energy [294500, 297200)
   Total Material
     Flux                                 1.24542 +/- 0.00140722
 Incoming Energy [297200, 298500)
   Total Material
     Flux                                 0.485974 +/- 0.000763745
 Incoming Energy [298500, 302000)
   Total Material
     Flux                                 0.93944 +/- 0.000893595
 Incoming Energy [302000, 333700)
   Total Material
     Flux                                 9.59751 +/- 0.0037519
 Incoming Energy [333700, 368800)
   Total Material
     Flux                                 10.2316 +/- 0.0040553
 Incoming Energy [368800, 387700)
   Total Material
     Flux                                 3.87899 +/- 0.00203919
 Incoming Energy [387700, 407600)
   Total Material
     Flux                                 4.42788 +/- 0.00229769
 Incoming Energy [407600, 450500)
   Total Material
     Flux                                 7.35727 +/- 0.00312799
 Incoming Energy [450500, 523400)
   Total Material
     Flux                                 14.5508 +/- 0.00555457
 Incoming Energy [523400, 550200)
   Total Material
     Flux                                 4.06908 +/- 0.00248527
 Incoming Energy [550200, 578400)
   Total Material
     Flux                                 3.60405 +/- 0.00228283
 Incoming Energy [578400, 608100)
   Total Material
     Flux                                 3.2416 +/- 0.00201585
 Incoming Energy [608100, 639300)
   Total Material
     Flux                                 2.94882 +/- 0.00207444
 Incoming Energy [639300, 672100)
   Total Material
     Flux                                 2.95466 +/- 0.00220717
 Incoming Energy [672100, 706500)
   Total Material
     Flux                                 2.58296 +/- 0.00170434
 Incoming Energy [706500, 742700)
   Total Material
     Flux                                 2.38069 +/- 0.00167157
 Incoming Energy [742700, 780800)
   Total Material
     Flux                                 2.82373 +/- 0.00213828
 Incoming Energy [780800, 820900)
   Total Material
     Flux                                 2.629 +/- 0.00181662
 Incoming Energy [820900, 862900)
   Total Material
     Flux                                 2.81978 +/- 0.00209049
 Incoming Energy [862900, 907200)
   Total Material
     Flux                                 2.58964 +/- 0.00200578
 Incoming Energy [907200, 961600)
   Total Material
     Flux                                 3.07353 +/- 0.00219721
 Incoming Energy [961600, 1003000)
   Total Material
     Flux                                 2.00429 +/- 0.00165115
 Incoming Energy [1003000, 1108000)
   Total Material
     Flux                                 4.84489 +/- 0.00323367
 Incoming Energy [1108000, 1165000)
   Total Material
     Flux                                 2.69067 +/- 0.00202641
 Incoming Energy [1165000, 1225000)
   Total Material
     Flux                                 2.53334 +/- 0.00205099
 Incoming Energy [1225000, 1287000)
   Total Material
     Flux                                 2.06562 +/- 0.00163184
 Incoming Energy [1287000, 1353000)
   Total Material
     Flux                                 2.01946 +/- 0.00158039
 Incoming Energy [1353000, 1423000)
   Total Material
     Flux                                 1.98253 +/- 0.00175905
 Incoming Energy [1423000, 1496000)
   Total Material
     Flux                                 1.8804 +/- 0.00166167
 Incoming Energy [1496000, 1572000)
   Total Material
     Flux                                 1.80124 +/- 0.0017412
 Incoming Energy [1572000, 1653000)
   Total Material
     Flux                                 1.65193 +/- 0.00160547
 Incoming Energy [1653000, 1738000)
   Total Material
     Flux                                 1.62545 +/- 0.00161552
 Incoming Energy [1738000, 1827000)
   Total Material
     Flux                                 1.49084 +/- 0.00135311
 Incoming Energy [1827000, 1921000)
   Total Material
     Flux                                 1.52389 +/- 0.00156353
 Incoming Energy [1921000, 2019000)
   Total Material
     Flux                                 1.33901 +/- 0.00134562
 Incoming Energy [2019000, 2122000)
   Total Material
     Flux                                 1.20081 +/- 0.00129609
 Incoming Energy [2122000, 2231000)
   Total Material
     Flux                                 1.16804 +/- 0.00123853
 Incoming Energy [2231000, 2307000)
   Total Material
     Flux                                 0.763024 +/- 0.000910398
 Incoming Energy [2307000, 2346000)
   Total Material
     Flux                                 0.379442 +/- 0.000550457
 Incoming Energy [2346000, 2365000)
   Total Material
     Flux                                 0.179543 +/- 0.000415945
 Incoming Energy [2365000, 2385000)
   Total Material
     Flux                                 0.18361 +/- 0.000398077
 Incoming Energy [2385000, 2466000)
   Total Material
     Flux                                 0.686585 +/- 0.000914063
 Incoming Energy [2466000, 2592000)
   Total Material
     Flux                                 0.991648 +/- 0.0011617
 Incoming Energy [2592000, 2725000)
   Total Material
     Flux                                 0.944888 +/- 0.000940518
 Incoming Energy [2725000, 2865000)
   Total Material
     Flux                                 0.865752 +/- 0.000934273
 Incoming Energy [2865000, 3012000)
   Total Material
     Flux                                 0.795663 +/- 0.00112396
 Incoming Energy [3012000, 3166000)
   Total Material
     Flux                                 0.745904 +/- 0.00109651
 Incoming Energy [3166000, 3329000)
   Total Material
     Flux                                 0.646503 +/- 0.00101531
 Incoming Energy [3329000, 3679000)
   Total Material
     Flux                                 1.07287 +/- 0.00133697
 Incoming Energy [3679000, 4066000)
   Total Material
     Flux                                 0.865364 +/- 0.00118633
 Incoming Energy [4066000, 4493000)
   Total Material
     Flux                                 0.676594 +/- 0.00104009
 Incoming Energy [4493000, 4724000)
   Total Material
     Flux                                 0.281522 +/- 0.000629513
 Incoming Energy [4724000, 4966000)
   Total Material
     Flux                                 0.242846 +/- 0.000574971
 Incoming Energy [4966000, 5220000)
   Total Material
     Flux                                 0.212808 +/- 0.00060932
 Incoming Energy [5220000, 5488000)
   Total Material
     Flux                                 0.182015 +/- 0.00055292
 Incoming Energy [5488000, 5769000)
   Total Material
     Flux                                 0.156711 +/- 0.000445099
 Incoming Energy [5769000, 6065000)
   Total Material
     Flux                                 0.134695 +/- 0.000456234
 Incoming Energy [6065000, 6376000)
   Total Material
     Flux                                 0.111734 +/- 0.000429479
 Incoming Energy [6376000, 6592000)
   Total Material
     Flux                                 0.0637577 +/- 0.000305956
 Incoming Energy [6592000, 6703000)
   Total Material
     Flux                                 0.0294062 +/- 0.000213907
 Incoming Energy [6703000, 7047000)
   Total Material
     Flux                                 0.0775279 +/- 0.000345527
 Incoming Energy [7047000, 7408000)
   Total Material
     Flux                                 0.0629218 +/- 0.000310014
 Incoming Energy [7408000, 7788000)
   Total Material
     Flux                                 0.0498134 +/- 0.000295373
 Incoming Energy [7788000, 8187000)
   Total Material
     Flux                                 0.0391838 +/- 0.000255918
 Incoming Energy [8187000, 8607000)
   Total Material
     Flux                                 0.0309964 +/- 0.000223654
 Incoming Energy [8607000, 9048000)
   Total Material
     Flux                                 0.0236449 +/- 0.00023061
 Incoming Energy [9048000, 9512000)
   Total Material
     Flux                                 0.0178852 +/- 0.00018485
 Incoming Energy [9512000, 10000000)
   Total Material
     Flux                                 0.0131089 +/- 0.000142337
 Incoming Energy [10000000, 10510000)
   Total Material
     Flux                                 0.00945033 +/- 0.000142533
 Incoming Energy [10510000, 11050000)
   Total Material
     Flux                                 0.00671226 +/- 0.000106201
 Incoming Energy [11050000, 11620000)
   Total Material
     Flux                                 0.00446274 +/- 9.01034e-05
 Incoming Energy [11620000, 12210000)
   Total Material
     Flux                                 0.00332073 +/- 8.12832e-05
 Incoming Energy [12210000, 12840000)
   Total Material
     Flux                                 0.00215831 +/- 6.51697e-05
 Incoming Energy [12840000, 13500000)
   Total Material
     Flux                                 0.00133739 +/- 5.33937e-05
 Incoming Energy [13500000, 13840000)
   Total Material
     Flux                                 0.000452419 +/- 3.14388e-05
 Incoming Energy [13840000, 14190000)
   Total Material
     Flux                                 0.000389237 +/- 2.41917e-05
 Incoming Energy [14190000, 14550000)
   Total Material
     Flux                                 0.000281488 +/- 2.21896e-05
 Incoming Energy [14550000, 14920000)
   Total Material
     Flux                                 0.000256291 +/- 2.18797e-05
 Incoming Energy [14920000, 15680000)
   Total Material
     Flux                                 0.000308118 +/- 2.3063e-05
 Incoming Energy [15680000, 16490000)
   Total Material
     Flux                                 0.000164327 +/- 1.61265e-05
 Incoming Energy [16490000, 16910000)
   Total Material
     Flux                                 6.09502e-05 +/- 1.14108e-05
 Incoming Energy [16910000, 17330000)
   Total Material
     Flux                                 2.98181e-05 +/- 7.00555e-06
 Incoming Energy [17330000, 19640000)
   Total Material
     Flux                                 7.23e-05 +/- 1.24404e-05
 ====================>     TALLY 28: IFP_KINETICS     <=====================

 Total Material
   IFP delayed fraction numerator       0.0063028 +/- 5.29603e-05
   IFP common denominator               0.999931 +/- 0.000247577
   IFP lifetime numerator               8.46895e-07 +/- 8.71232e-10
 ==================>     TALLY 29: IFP_BETA_BY_GROUP     <==================

 Delayed Group 1
   Total Material
     IFP delayed fraction numerator       0.0001794 +/- 8.90363e-06
 Delayed Group 2
   Total Material
     IFP delayed fraction numerator       0.0010522 +/- 2.23354e-05
 Delayed Group 3
   Total Material
     IFP delayed fraction numerator       0.0010386 +/- 2.38148e-05
 Delayed Group 4
   Total Material
     IFP delayed fraction numerator       0.00247905 +/- 3.38781e-05
 Delayed Group 5
   Total Material
     IFP delayed fraction numerator       0.00109915 +/- 2.20391e-05
 Delayed Group 6
   Total Material
     IFP delayed fraction numerator       0.0004544 +/- 1.34481e-05
 =====================>     TALLY 30: FLUX_TOTAL     <======================

 Total Material
   Flux                                 390.692 +/- 0.0660129
 ==================>     TALLY 31: RR_SALT_MT1_MT102     <==================

 Na23
   Total Reaction Rate                  13.9344 +/- 0.00273589
   (n,gamma)                            0.00304354 +/- 2.20871e-06
 Cl35
   Total Reaction Rate                  0.181581 +/- 3.06971e-05
   (n,gamma)                            0.000365935 +/- 3.71884e-07
 Cl37
   Total Reaction Rate                  14.0478 +/- 0.00216376
   (n,gamma)                            0.00589724 +/- 1.73433e-06
 ===============>     TALLY 32: RR_FUEL_MT1_MT18_MT102     <================

 U235
   Total Reaction Rate                  2.81241 +/- 0.000547243
   Fission Rate                         0.425833 +/- 9.53888e-05
   (n,gamma)                            0.113132 +/- 3.42582e-05
 U238
   Total Reaction Rate                  14.0719 +/- 0.00264248
   Fission Rate                         0.0449436 +/- 1.49809e-05
   (n,gamma)                            0.306439 +/- 8.30483e-05
 ===========================>     TALLY 33     <============================

 Internal

