 ====================>     TALLY 27: FLUX_SPECTRUM     <====================

 Incoming Energy [1e-05, 0.00011)
   Total Material
     Flux                                 0 +/- 0
 Incoming Energy [0.00011, 0.003)
   Total Material
     Flux                                 0 +/- 0
 Incoming Energy [0.003, 0.0055)
   Total Material
     Flux                                 0 +/- 0
 Incoming Energy [0.0055, 0.01)
   Total Material
     Flux                                 0 +/- 0
 Incoming Energy [0.01, 0.015)
   Total Material
     Flux                                 0 +/- 0
 Incoming Energy [0.015, 0.02)
   Total Material
     Flux                                 0 +/- 0
 Incoming Energy [0.02, 0.03)
   Total Material
     Flux                                 0 +/- 0
 Incoming Energy [0.03, 0.032)
   Total Material
     Flux                                 0 +/- 0
 Incoming Energy [0.032, 0.03238)
   Total Material
     Flux                                 0 +/- 0
 Incoming Energy [0.03238, 0.043)
   Total Material
     Flux                                 0 +/- 0
 Incoming Energy [0.043, 0.059)
   Total Material
     Flux                                 0 +/- 0
 Incoming Energy [0.059, 0.077)
   Total Material
     Flux                                 0 +/- 0
 Incoming Energy [0.077, 0.095)
   Total Material
     Flux                                 0 +/- 0
 Incoming Energy [0.095, 0.1)
   Total Material
     Flux                                 0 +/- 0
 Incoming Energy [0.1, 0.115)
   Total Material
     Flux                                 0 +/- 0
 Incoming Energy [0.115, 0.134)
   Total Material
     Flux                                 0 +/- 0
 Incoming Energy [0.134, 0.16)
   Total Material
     Flux                                 0 +/- 0
 Incoming Energy [0.16, 0.189)
   Total Material
     Flux                                 0 +/- 0
 Incoming Energy [0.189, 0.22)
   Total Material
     Flux                                 0 +/- 0
 Incoming Energy [0.22, 0.248)
   Total Material
     Flux                                 0 +/- 0
 Incoming Energy [0.248, 0.2825)
   Total Material
     Flux                                 0 +/- 0
 Incoming Energy [0.2825, 0.3145)
   Total Material
     Flux                                 0 +/- 0
 Incoming Energy [0.3145, 0.352)
   Total Material
     Flux                                 1.13372e-08 +/- 1.13372e-08
 Incoming Energy [0.352, 0.391)
   Total Material
     Flux                                 0 +/- 0
 Incoming Energy [0.391, 0.414)
   Total Material
     Flux                                 0 +/- 0
 Incoming Energy [0.414, 0.433)
   Total Material
     Flux                                 0 +/- 0
 Incoming Energy [0.433, 0.485)
   Total Material
     Flux                                 5.19304e-07 +/- 5.19304e-07
 Incoming Energy [0.485, 0.5316)
   Total Material
     Flux                                 7.74576e-07 +/- 7.74576e-07
 Incoming Energy [0.5316, 0.54)
   Total Material
     Flux                                 0 +/- 0
 Incoming Energy [0.54, 0.625)
   Total Material
     Flux                                 0 +/- 0
 Incoming Energy [0.625, 0.6826)
   Total Material
     Flux                                 1.18909e-07 +/- 1.18909e-07
 Incoming Energy [0.6826, 0.705)
   Total Material
     Flux                                 2.29219e-07 +/- 2.29219e-07
 Incoming Energy [0.705, 0.79)
   Total Material
     Flux                                 1.0072e-07 +/- 1.0072e-07
 Incoming Energy [0.79, 0.86)
   Total Material
     Flux                                 8.62105e-07 +/- 8.62105e-07
 Incoming Energy [0.86, 0.8764)
   Total Material
     Flux                                 0 +/- 0
 Incoming Energy [0.8764, 0.93)
   Total Material
     Flux                                 9.59444e-08 +/- 8.95013e-08
 Incoming Energy [0.93, 0.986)
   Total Material
     Flux                                 2.97878e-07 +/- 2.97878e-07
 Incoming Energy [0.986, 1.01)
   Total Material
     Flux                                 0 +/- 0
 Incoming Energy [1.01, 1.035)
   Total Material
     Flux                                 0 +/- 0
 Incoming Energy [1.035, 1.07)
   Total Material
     Flux                                 2.51082e-08 +/- 2.51082e-08
 Incoming Energy [1.07, 1.08)
   Total Material
     Flux                                 2.79544e-08 +/- 2.79544e-08
 Incoming Energy [1.08, 1.09)
   Total Material
     Flux                                 0 +/- 0
 Incoming Energy [1.09, 1.11)
   Total Material
     Flux                                 0 +/- 0
 Incoming Energy [1.11, 1.125)
   Total Material
     Flux                                 0 +/- 0
 Incoming Energy [1.125, 1.17)
   Total Material
     Flux                                 1.32936e-07 +/- 1.32936e-07
 Incoming Energy [1.17, 1.235)
   Total Material
     Flux                                 7.47681e-07 +/- 4.92185e-07
 Incoming Energy [1.235, 1.305)
   Total Material
     Flux                                 2.56323e-07 +/- 1.80811e-07
 Incoming Energy [1.305, 1.37)
   Total Material
     Flux                                 5.61894e-07 +/- 3.71834e-07
 Incoming Energy [1.37, 1.44)
   Total Material
     Flux                                 6.47733e-07 +/- 4.22689e-07
 Incoming Energy [1.44, 1.445)
   Total Material
     Flux                                 0 +/- 0
 Incoming Energy [1.445, 1.51)
   Total Material
     Flux                                 2.65368e-07 +/- 1.55464e-07
 Incoming Energy [1.51, 1.59)
   Total Material
     Flux                                 1.03766e-06 +/- 8.02438e-07
 Incoming Energy [1.59, 1.67)
   Total Material
     Flux                                 2.76313e-06 +/- 1.69035e-06
 Incoming Energy [1.67, 1.755)
   Total Material
     Flux                                 6.24529e-06 +/- 2.89954e-06
 Incoming Energy [1.755, 1.84)
   Total Material
     Flux                                 5.11973e-06 +/- 2.51636e-06
 Incoming Energy [1.84, 1.855)
   Total Material
     Flux                                 1.1196e-07 +/- 1.1196e-07
 Incoming Energy [1.855, 1.93)
   Total Material
     Flux                                 1.62135e-06 +/- 1.21858e-06
 Incoming Energy [1.93, 2.02)
   Total Material
     Flux                                 2.4546e-06 +/- 1.25145e-06
 Incoming Energy [2.02, 2.13)
   Total Material
     Flux                                 6.50382e-06 +/- 4.82796e-06
 Incoming Energy [2.13, 2.36)
   Total Material
     Flux                                 8.05512e-06 +/- 4.07052e-06
 Incoming Energy [2.36, 2.372)
   Total Material
     Flux                                 1.08081e-08 +/- 1.08081e-08
 Incoming Energy [2.372, 2.768)
   Total Material
     Flux                                 9.68829e-06 +/- 3.65218e-06
 Incoming Energy [2.768, 3.059)
   Total Material
     Flux                                 6.37974e-06 +/- 2.57516e-06
 Incoming Energy [3.059, 3.381)
   Total Material
     Flux                                 3.5197e-06 +/- 1.78462e-06
 Incoming Energy [3.381, 3.928)
   Total Material
     Flux                                 5.37282e-06 +/- 2.2246e-06
 Incoming Energy [3.928, 4.129)
   Total Material
     Flux                                 2.08034e-06 +/- 1.20044e-06
 Incoming Energy [4.129, 4.47)
   Total Material
     Flux                                 3.50746e-06 +/- 1.69961e-06
 Incoming Energy [4.47, 4.67)
   Total Material
     Flux                                 6.97374e-07 +/- 5.05214e-07
 Incoming Energy [4.67, 5.043)
   Total Material
     Flux                                 6.18127e-06 +/- 2.74693e-06
 Incoming Energy [5.043, 5.623)
   Total Material
     Flux                                 1.29075e-06 +/- 7.69172e-07
 Incoming Energy [5.623, 6.16)
   Total Material
     Flux                                 1.73265e-06 +/- 1.17168e-06
 Incoming Energy [6.16, 6.476)
   Total Material
     Flux                                 1.2994e-07 +/- 8.62832e-08
 Incoming Energy [6.476, 7.079)
   Total Material
     Flux                                 8.51232e-07 +/- 4.43002e-07
 Incoming Energy [7.079, 7.524)
   Total Material
     Flux                                 1.12119e-06 +/- 8.96399e-07
 Incoming Energy [7.524, 7.943)
   Total Material
     Flux                                 1.23406e-06 +/- 6.57639e-07
 Incoming Energy [7.943, 8.315)
   Total Material
     Flux                                 2.39428e-06 +/- 8.71805e-07
 Incoming Energy [8.315, 8.913)
   Total Material
     Flux                                 3.30334e-06 +/- 1.10063e-06
 Incoming Energy [8.913, 9.19)
   Total Material
     Flux                                 4.71519e-06 +/- 1.90984e-06
 Incoming Energy [9.19, 10)
   Total Material
     Flux                                 7.32775e-06 +/- 2.39262e-06
 Incoming Energy [10, 10.68)
   Total Material
     Flux                                 1.63863e-05 +/- 4.87248e-06
 Incoming Energy [10.68, 11.22)
   Total Material
     Flux                                 3.09214e-06 +/- 1.78149e-06
 Incoming Energy [11.22, 12.59)
   Total Material
     Flux                                 8.85366e-06 +/- 2.49425e-06
 Incoming Energy [12.59, 13.71)
   Total Material
     Flux                                 2.71096e-05 +/- 6.61651e-06
 Incoming Energy [13.71, 15.23)
   Total Material
     Flux                                 8.58165e-06 +/- 2.07308e-06
 Incoming Energy [15.23, 16.74)
   Total Material
     Flux                                 2.72e-05 +/- 5.67098e-06
 Incoming Energy [16.74, 17.6)
   Total Material
     Flux                                 1.41993e-05 +/- 3.48241e-06
 Incoming Energy [17.6, 19.03)
   Total Material
     Flux                                 1.6323e-05 +/- 3.44617e-06
 Incoming Energy [19.03, 20.45)
   Total Material
     Flux                                 7.65483e-06 +/- 2.09893e-06
 Incoming Energy [20.45, 22.6)
   Total Material
     Flux                                 1.43707e-05 +/- 3.29563e-06
 Incoming Energy [22.6, 24.98)
   Total Material
     Flux                                 4.49424e-05 +/- 7.55465e-06
 Incoming Energy [24.98, 27.92)
   Total Material
     Flux                                 5.50166e-05 +/- 8.61981e-06
 Incoming Energy [27.92, 29.2)
   Total Material
     Flux                                 2.34504e-05 +/- 6.03158e-06
 Incoming Energy [29.2, 30.51)
   Total Material
     Flux                                 2.42693e-05 +/- 5.60657e-06
 Incoming Energy [30.51, 33.89)
   Total Material
     Flux                                 3.77388e-05 +/- 6.99741e-06
 Incoming Energy [33.89, 37.27)
   Total Material
     Flux                                 1.61557e-05 +/- 3.35878e-06
 Incoming Energy [37.27, 39.81)
   Total Material
     Flux                                 3.61693e-05 +/- 5.84065e-06
 Incoming Energy [39.81, 45.52)
   Total Material
     Flux                                 4.52309e-05 +/- 5.54099e-06
 Incoming Energy [45.52, 47.85)
   Total Material
     Flux                                 3.15494e-05 +/- 4.59793e-06
 Incoming Energy [47.85, 50.12)
   Total Material
     Flux                                 3.81078e-05 +/- 6.58826e-06
 Incoming Energy [50.12, 55.59)
   Total Material
     Flux                                 9.21744e-05 +/- 1.0202e-05
 Incoming Energy [55.59, 61.44)
   Total Material
     Flux                                 9.80903e-05 +/- 9.95731e-06
 Incoming Energy [61.44, 63.1)
   Total Material
     Flux                                 2.31647e-05 +/- 4.66528e-06
 Incoming Energy [63.1, 67.9)
   Total Material
     Flux                                 8.13545e-05 +/- 1.02581e-05
 Incoming Energy [67.9, 70.79)
   Total Material
     Flux                                 6.31907e-05 +/- 8.79296e-06
 Incoming Energy [70.79, 78.89)
   Total Material
     Flux                                 0.000154609 +/- 1.59654e-05
 Incoming Energy [78.89, 85.28)
   Total Material
     Flux                                 9.71492e-05 +/- 9.78463e-06
 Incoming Energy [85.28, 91.66)
   Total Material
     Flux                                 0.000129966 +/- 1.1469e-05
 Incoming Energy [91.66, 101.3)
   Total Material
     Flux                                 0.000291786 +/- 2.07664e-05
 Incoming Energy [101.3, 112.2)
   Total Material
     Flux                                 0.000288819 +/- 1.78206e-05
 Incoming Energy [112.2, 130.1)
   Total Material
     Flux                                 0.000698623 +/- 3.27488e-05
 Incoming Energy [130.1, 136.7)
   Total Material
     Flux                                 0.000335512 +/- 1.91087e-05
 Incoming Energy [136.7, 158.5)
   Total Material
     Flux                                 0.00145352 +/- 5.48439e-05
 Incoming Energy [158.5, 167)
   Total Material
     Flux                                 0.000467306 +/- 2.0463e-05
 Incoming Energy [167, 177.8)
   Total Material
     Flux                                 0.00106168 +/- 3.75695e-05
 Incoming Energy [177.8, 204)
   Total Material
     Flux                                 0.00249714 +/- 6.01851e-05
 Incoming Energy [204, 214.5)
   Total Material
     Flux                                 0.00144625 +/- 4.04963e-05
 Incoming Energy [214.5, 243)
   Total Material
     Flux                                 0.00504621 +/- 8.96353e-05
 Incoming Energy [243, 275.4)
   Total Material
     Flux                                 0.00929929 +/- 0.000140564
 Incoming Energy [275.4, 304.3)
   Total Material
     Flux                                 0.0122846 +/- 0.000133866
 Incoming Energy [304.3, 353.6)
   Total Material
     Flux                                 0.032686 +/- 0.00023826
 Incoming Energy [353.6, 398.1)
   Total Material
     Flux                                 0.0310718 +/- 0.000215533
 Incoming Energy [398.1, 454)
   Total Material
     Flux                                 0.0626208 +/- 0.00032768
 Incoming Energy [454, 514.5)
   Total Material
     Flux                                 0.0972326 +/- 0.00044118
 Incoming Energy [514.5, 583)
   Total Material
     Flux                                 0.140531 +/- 0.00051168
 Incoming Energy [583, 631)
   Total Material
     Flux                                 0.141381 +/- 0.000488786
 Incoming Energy [631, 677.3)
   Total Material
     Flux                                 0.147004 +/- 0.000454533
 Incoming Energy [677.3, 707.9)
   Total Material
     Flux                                 0.115512 +/- 0.000389684
 Incoming Energy [707.9, 748.5)
   Total Material
     Flux                                 0.156554 +/- 0.000471604
 Incoming Energy [748.5, 848.2)
   Total Material
     Flux                                 0.481881 +/- 0.000932107
 Incoming Energy [848.2, 961.1)
   Total Material
     Flux                                 0.609951 +/- 0.00111813
 Incoming Energy [961.1, 1010)
   Total Material
     Flux                                 0.290423 +/- 0.000639502
 Incoming Energy [1010, 1117)
   Total Material
     Flux                                 0.73354 +/- 0.00108321
 Incoming Energy [1117, 1234)
   Total Material
     Flux                                 0.780668 +/- 0.00105528
 Incoming Energy [1234, 1364)
   Total Material
     Flux                                 0.808991 +/- 0.0010578
 Incoming Energy [1364, 1507)
   Total Material
     Flux                                 1.05367 +/- 0.0012744
 Incoming Energy [1507, 1585)
   Total Material
     Flux                                 0.542905 +/- 0.000838914
 Incoming Energy [1585, 1796)
   Total Material
     Flux                                 1.31856 +/- 0.00144458
 Incoming Energy [1796, 2035)
   Total Material
     Flux                                 1.08679 +/- 0.00108078
 Incoming Energy [2035, 2113)
   Total Material
     Flux                                 0.24902 +/- 0.000328442
 Incoming Energy [2113, 2249)
   Total Material
     Flux                                 0.321303 +/- 0.000379071
 Incoming Energy [2249, 2371)
   Total Material
     Flux                                 0.178452 +/- 0.000244211
 Incoming Energy [2371, 2485)
   Total Material
     Flux                                 0.102009 +/- 0.000132935
 Incoming Energy [2485, 2613)
   Total Material
     Flux                                 0.0607807 +/- 8.36357e-05
 Incoming Energy [2613, 2661)
   Total Material
     Flux                                 0.0132549 +/- 3.17108e-05
 Incoming Energy [2661, 2747)
   Total Material
     Flux                                 0.0160952 +/- 2.72701e-05
 Incoming Energy [2747, 2818)
   Total Material
     Flux                                 0.00986767 +/- 1.97027e-05
 Incoming Energy [2818, 3035)
   Total Material
     Flux                                 0.038966 +/- 4.74683e-05
 Incoming Energy [3035, 3162)
   Total Material
     Flux                                 0.0443965 +/- 6.41726e-05
 Incoming Energy [3162, 3355)
   Total Material
     Flux                                 0.112915 +/- 0.000149858
 Incoming Energy [3355, 3548)
   Total Material
     Flux                                 0.177638 +/- 0.000216173
 Incoming Energy [3548, 3707)
   Total Material
     Flux                                 0.189439 +/- 0.000253411
 Incoming Energy [3707, 3981)
   Total Material
     Flux                                 0.41743 +/- 0.000429057
 Incoming Energy [3981, 4307)
   Total Material
     Flux                                 0.632103 +/- 0.000592909
 Incoming Energy [4307, 4643)
   Total Material
     Flux                                 0.780615 +/- 0.000761516
 Incoming Energy [4643, 5004)
   Total Material
     Flux                                 0.953404 +/- 0.000914845
 Incoming Energy [5004, 5531)
   Total Material
     Flux                                 1.55225 +/- 0.00143452
 Incoming Energy [5531, 6267)
   Total Material
     Flux                                 2.36828 +/- 0.00187037
 Incoming Energy [6267, 7102)
   Total Material
     Flux                                 2.93755 +/- 0.00216201
 Incoming Energy [7102, 7466)
   Total Material
     Flux                                 1.3664 +/- 0.00139859
 Incoming Energy [7466, 8251)
   Total Material
     Flux                                 3.05138 +/- 0.00220965
 Incoming Energy [8251, 9119)
   Total Material
     Flux                                 1.29596 +/- 0.000960669
 Incoming Energy [9119, 10080)
   Total Material
     Flux                                 2.75464 +/- 0.00191023
 Incoming Energy [10080, 11140)
   Total Material
     Flux                                 3.30859 +/- 0.00199103
 Incoming Energy [11140, 11710)
   Total Material
     Flux                                 1.82373 +/- 0.0014831
 Incoming Energy [11710, 12730)
   Total Material
     Flux                                 3.31145 +/- 0.00197813
 Incoming Energy [12730, 13830)
   Total Material
     Flux                                 3.5567 +/- 0.00224072
 Incoming Energy [13830, 15030)
   Total Material
     Flux                                 3.88243 +/- 0.00244487
 Incoming Energy [15030, 15850)
   Total Material
     Flux                                 2.62846 +/- 0.00174871
 Incoming Energy [15850, 16620)
   Total Material
     Flux                                 2.48775 +/- 0.00174783
 Incoming Energy [16620, 17780)
   Total Material
     Flux                                 3.75649 +/- 0.00234629
 Incoming Energy [17780, 19310)
   Total Material
     Flux                                 4.81876 +/- 0.00247305
 Incoming Energy [19310, 19950)
   Total Material
     Flux                                 2.08275 +/- 0.00159189
 Incoming Energy [19950, 20540)
   Total Material
     Flux                                 1.90533 +/- 0.00144678
 Incoming Energy [20540, 21130)
   Total Material
     Flux                                 1.88186 +/- 0.00139576
 Incoming Energy [21130, 21870)
   Total Material
     Flux                                 2.22846 +/- 0.00189284
 Incoming Energy [21870, 22390)
   Total Material
     Flux                                 1.62448 +/- 0.00130714
 Incoming Energy [22390, 23040)
   Total Material
     Flux                                 2.24077 +/- 0.00164718
 Incoming Energy [23040, 23580)
   Total Material
     Flux                                 1.94751 +/- 0.00139929
 Incoming Energy [23580, 24180)
   Total Material
     Flux                                 2.00322 +/- 0.00145089
 Incoming Energy [24180, 24410)
   Total Material
     Flux                                 0.639225 +/- 0.000697318
 Incoming Energy [24410, 24790)
   Total Material
     Flux                                 0.802623 +/- 0.000733175
 Incoming Energy [24790, 25120)
   Total Material
     Flux                                 0.401587 +/- 0.000459099
 Incoming Energy [25120, 25850)
   Total Material
     Flux                                 0.290156 +/- 0.00025342
 Incoming Energy [25850, 26060)
   Total Material
     Flux                                 0.0948934 +/- 0.000133875
 Incoming Energy [26060, 26610)
   Total Material
     Flux                                 0.457115 +/- 0.000407254
 Incoming Energy [26610, 27000)
   Total Material
     Flux                                 0.481709 +/- 0.000508045
 Incoming Energy [27000, 27380)
   Total Material
     Flux                                 0.561774 +/- 0.000605749
 Incoming Energy [27380, 28180)
   Total Material
     Flux                                 1.32113 +/- 0.00101061
 Incoming Energy [28180, 28500)
   Total Material
     Flux                                 0.606612 +/- 0.000571052
 Incoming Energy [28500, 29010)
   Total Material
     Flux                                 1.01962 +/- 0.000932322
 Incoming Energy [29010, 29850)
   Total Material
     Flux                                 1.70652 +/- 0.00137183
 Incoming Energy [29850, 30730)
   Total Material
     Flux                                 1.84934 +/- 0.0013408
 Incoming Energy [30730, 31620)
   Total Material
     Flux                                 1.87209 +/- 0.00127825
 Incoming Energy [31620, 31830)
   Total Material
     Flux                                 0.438207 +/- 0.000610878
 Incoming Energy [31830, 34310)
   Total Material
     Flux                                 5.20549 +/- 0.00261475
 Incoming Energy [34310, 36980)
   Total Material
     Flux                                 5.65916 +/- 0.00289354
 Incoming Energy [36980, 40870)
   Total Material
     Flux                                 8.01498 +/- 0.00334716
 Incoming Energy [40870, 43590)
   Total Material
     Flux                                 5.95114 +/- 0.00292073
 Incoming Energy [43590, 46310)
   Total Material
     Flux                                 6.01562 +/- 0.00300867
 Incoming Energy [46310, 49390)
   Total Material
     Flux                                 2.71417 +/- 0.00130353
 Incoming Energy [49390, 52480)
   Total Material
     Flux                                 3.369 +/- 0.00183686
 Incoming Energy [52480, 55170)
   Total Material
     Flux                                 1.80257 +/- 0.00116709
 Incoming Energy [55170, 56560)
   Total Material
     Flux                                 1.38557 +/- 0.000990037
 Incoming Energy [56560, 61730)
   Total Material
     Flux                                 7.41925 +/- 0.0033237
 Incoming Energy [61730, 67380)
   Total Material
     Flux                                 7.67426 +/- 0.00320879
 Incoming Energy [67380, 72000)
   Total Material
     Flux                                 6.32727 +/- 0.00291884
 Incoming Energy [72000, 74990)
   Total Material
     Flux                                 4.09456 +/- 0.00216888
 Incoming Energy [74990, 79500)
   Total Material
     Flux                                 6.00725 +/- 0.00303203
 Incoming Energy [79500, 82300)
   Total Material
     Flux                                 3.4532 +/- 0.00227005
 Incoming Energy [82300, 82500)
   Total Material
     Flux                                 0.246699 +/- 0.000531816
 Incoming Energy [82500, 86520)
   Total Material
     Flux                                 5.43982 +/- 0.00277656
 Incoming Energy [86520, 98040)
   Total Material
     Flux                                 12.3512 +/- 0.00478734
 Incoming Energy [98040, 111100)
   Total Material
     Flux                                 13.3773 +/- 0.00492067
 Incoming Energy [111100, 116800)
   Total Material
     Flux                                 5.55219 +/- 0.00292722
 Incoming Energy [116800, 122800)
   Total Material
     Flux                                 6.18054 +/- 0.00294461
 Incoming Energy [122800, 129100)
   Total Material
     Flux                                 5.87925 +/- 0.00306306
 Incoming Energy [129100, 135700)
   Total Material
     Flux                                 6.91356 +/- 0.00330655
 Incoming Energy [135700, 142600)
   Total Material
     Flux                                 3.26076 +/- 0.00169364
 Incoming Energy [142600, 150000)
   Total Material
     Flux                                 4.24419 +/- 0.00209329
 Incoming Energy [150000, 157600)
   Total Material
     Flux                                 5.27329 +/- 0.00268312
 Incoming Energy [157600, 165700)
   Total Material
     Flux                                 5.81573 +/- 0.0028402
 Incoming Energy [165700, 174200)
   Total Material
     Flux                                 6.0603 +/- 0.00302891
 Incoming Energy [174200, 183200)
   Total Material
     Flux                                 4.91436 +/- 0.00214961
 Incoming Energy [183200, 192500)
   Total Material
     Flux                                 4.6504 +/- 0.00221333
 Incoming Energy [192500, 202400)
   Total Material
     Flux                                 4.02215 +/- 0.00196474
 Incoming Energy [202400, 212800)
   Total Material
     Flux                                 4.47779 +/- 0.00232303
 Incoming Energy [212800, 223700)
   Total Material
     Flux                                 4.49331 +/- 0.00208119
 Incoming Energy [223700, 235200)
   Total Material
     Flux                                 4.87891 +/- 0.00244222
 Incoming Energy [235200, 247200)
   Total Material
     Flux                                 4.12863 +/- 0.00199719
 Incoming Energy [247200, 273200)
   Total Material
     Flux                                 10.8887 +/- 0.00410055
 Incoming Energy [273200, 287300)
   Total Material
     Flux                                 6.32789 +/- 0.00278878
 Incoming Energy [287300, 294500)
   Total Material
     Flux                                 3.33276 +/- 0.00231411
 Incoming Energy [294500, 297200)
   Total Material
     Flux                                 1.27494 +/- 0.00123679
 Incoming Energy [297200, 298500)
   Total Material
     Flux                                 0.499766 +/- 0.000778779
 Incoming Energy [298500, 302000)
   Total Material
     Flux                                 0.971551 +/- 0.000873357
 Incoming Energy [302000, 333700)
   Total Material
     Flux                                 9.96804 +/- 0.00366803
 Incoming Energy [333700, 368800)
   Total Material
     Flux                                 10.5625 +/- 0.00388189
 Incoming Energy [368800, 387700)
   Total Material
     Flux                                 3.99225 +/- 0.00228651
 Incoming Energy [387700, 407600)
   Total Material
     Flux                                 4.55816 +/- 0.00249893
 Incoming Energy [407600, 450500)
   Total Material
     Flux                                 7.56879 +/- 0.00324761
 Incoming Energy [450500, 523400)
   Total Material
     Flux                                 14.9148 +/- 0.00565418
 Incoming Energy [523400, 550200)
   Total Material
     Flux                                 4.1545 +/- 0.00238969
 Incoming Energy [550200, 578400)
   Total Material
     Flux                                 3.68148 +/- 0.0022193
 Incoming Energy [578400, 608100)
   Total Material
     Flux                                 3.31319 +/- 0.00205267
 Incoming Energy [608100, 639300)
   Total Material
     Flux                                 3.01255 +/- 0.0020225
 Incoming Energy [639300, 672100)
   Total Material
     Flux                                 3.01746 +/- 0.00198945
 Incoming Energy [672100, 706500)
   Total Material
     Flux                                 2.63338 +/- 0.00157849
 Incoming Energy [706500, 742700)
   Total Material
     Flux                                 2.44227 +/- 0.00160617
 Incoming Energy [742700, 780800)
   Total Material
     Flux                                 2.88174 +/- 0.00212319
 Incoming Energy [780800, 820900)
   Total Material
     Flux                                 2.68779 +/- 0.00179227
 Incoming Energy [820900, 862900)
   Total Material
     Flux                                 2.87615 +/- 0.00206809
 Incoming Energy [862900, 907200)
   Total Material
     Flux                                 2.64471 +/- 0.00184206
 Incoming Energy [907200, 961600)
   Total Material
     Flux                                 3.13305 +/- 0.00220273
 Incoming Energy [961600, 1003000)
   Total Material
     Flux                                 2.04946 +/- 0.00160694
 Incoming Energy [1003000, 1108000)
   Total Material
     Flux                                 4.95613 +/- 0.00329755
 Incoming Energy [1108000, 1165000)
   Total Material
     Flux                                 2.75303 +/- 0.00225329
 Incoming Energy [1165000, 1225000)
   Total Material
     Flux                                 2.57913 +/- 0.00221925
 Incoming Energy [1225000, 1287000)
   Total Material
     Flux                                 2.10561 +/- 0.0017112
 Incoming Energy [1287000, 1353000)
   Total Material
     Flux                                 2.06221 +/- 0.00165466
 Incoming Energy [1353000, 1423000)
   Total Material
     Flux                                 2.01952 +/- 0.00171543
 Incoming Energy [1423000, 1496000)
   Total Material
     Flux                                 1.91489 +/- 0.00152643
 Incoming Energy [1496000, 1572000)
   Total Material
     Flux                                 1.83046 +/- 0.00154639
 Incoming Energy [1572000, 1653000)
   Total Material
     Flux                                 1.66981 +/- 0.00151977
 Incoming Energy [1653000, 1738000)
   Total Material
     Flux                                 1.64398 +/- 0.00150612
 Incoming Energy [1738000, 1827000)
   Total Material
     Flux                                 1.50575 +/- 0.00135076
 Incoming Energy [1827000, 1921000)
   Total Material
     Flux                                 1.53224 +/- 0.00148011
 Incoming Energy [1921000, 2019000)
   Total Material
     Flux                                 1.34793 +/- 0.00129079
 Incoming Energy [2019000, 2122000)
   Total Material
     Flux                                 1.20913 +/- 0.00131142
 Incoming Energy [2122000, 2231000)
   Total Material
     Flux                                 1.17094 +/- 0.00120632
 Incoming Energy [2231000, 2307000)
   Total Material
     Flux                                 0.765069 +/- 0.000951141
 Incoming Energy [2307000, 2346000)
   Total Material
     Flux                                 0.379742 +/- 0.000668379
 Incoming Energy [2346000, 2365000)
   Total Material
     Flux                                 0.180205 +/- 0.000420035
 Incoming Energy [2365000, 2385000)
   Total Material
     Flux                                 0.183769 +/- 0.000395296
 Incoming Energy [2385000, 2466000)
   Total Material
     Flux                                 0.687604 +/- 0.000891427
 Incoming Energy [2466000, 2592000)
   Total Material
     Flux                                 0.991631 +/- 0.00112054
 Incoming Energy [2592000, 2725000)
   Total Material
     Flux                                 0.945593 +/- 0.00111915
 Incoming Energy [2725000, 2865000)
   Total Material
     Flux                                 0.865834 +/- 0.00106811
 Incoming Energy [2865000, 3012000)
   Total Material
     Flux                                 0.795093 +/- 0.00111996
 Incoming Energy [3012000, 3166000)
   Total Material
     Flux                                 0.748552 +/- 0.00107004
 Incoming Energy [3166000, 3329000)
   Total Material
     Flux                                 0.651306 +/- 0.000950463
 Incoming Energy [3329000, 3679000)
   Total Material
     Flux                                 1.08247 +/- 0.00139944
 Incoming Energy [3679000, 4066000)
   Total Material
     Flux                                 0.876483 +/- 0.0012625
 Incoming Energy [4066000, 4493000)
   Total Material
     Flux                                 0.686916 +/- 0.00114371
 Incoming Energy [4493000, 4724000)
   Total Material
     Flux                                 0.287954 +/- 0.00065268
 Incoming Energy [4724000, 4966000)
   Total Material
     Flux                                 0.247793 +/- 0.000617593
 Incoming Energy [4966000, 5220000)
   Total Material
     Flux                                 0.21739 +/- 0.000565727
 Incoming Energy [5220000, 5488000)
   Total Material
     Flux                                 0.186355 +/- 0.000558561
 Incoming Energy [5488000, 5769000)
   Total Material
     Flux                                 0.161569 +/- 0.00048614
 Incoming Energy [5769000, 6065000)
   Total Material
     Flux                                 0.139128 +/- 0.000470336
 Incoming Energy [6065000, 6376000)
   Total Material
     Flux                                 0.116731 +/- 0.000443493
 Incoming Energy [6376000, 6592000)
   Total Material
     Flux                                 0.0669365 +/- 0.000309979
 Incoming Energy [6592000, 6703000)
   Total Material
     Flux                                 0.0308369 +/- 0.000208768
 Incoming Energy [6703000, 7047000)
   Total Material
     Flux                                 0.0808838 +/- 0.000392236
 Incoming Energy [7047000, 7408000)
   Total Material
     Flux                                 0.06591 +/- 0.000337743
 Incoming Energy [7408000, 7788000)
   Total Material
     Flux                                 0.0535436 +/- 0.000311386
 Incoming Energy [7788000, 8187000)
   Total Material
     Flux                                 0.0422514 +/- 0.000262379
 Incoming Energy [8187000, 8607000)
   Total Material
     Flux                                 0.0335198 +/- 0.000242428
 Incoming Energy [8607000, 9048000)
   Total Material
     Flux                                 0.0255159 +/- 0.000203628
 Incoming Energy [9048000, 9512000)
   Total Material
     Flux                                 0.0194995 +/- 0.000166506
 Incoming Energy [9512000, 10000000)
   Total Material
     Flux                                 0.0143274 +/- 0.000145466
 Incoming Energy [10000000, 10510000)
   Total Material
     Flux                                 0.0105282 +/- 0.000160614
 Incoming Energy [10510000, 11050000)
   Total Material
     Flux                                 0.00760802 +/- 0.000132642
 Incoming Energy [11050000, 11620000)
   Total Material
     Flux                                 0.00542886 +/- 0.000111665
 Incoming Energy [11620000, 12210000)
   Total Material
     Flux                                 0.00369363 +/- 8.9393e-05
 Incoming Energy [12210000, 12840000)
   Total Material
     Flux                                 0.00244476 +/- 6.84828e-05
 Incoming Energy [12840000, 13500000)
   Total Material
     Flux                                 0.00163826 +/- 5.41215e-05
 Incoming Energy [13500000, 13840000)
   Total Material
     Flux                                 0.000620002 +/- 3.3e-05
 Incoming Energy [13840000, 14190000)
   Total Material
     Flux                                 0.000468264 +/- 2.74252e-05
 Incoming Energy [14190000, 14550000)
   Total Material
     Flux                                 0.000389231 +/- 2.7014e-05
 Incoming Energy [14550000, 14920000)
   Total Material
     Flux                                 0.000304243 +/- 2.12233e-05
 Incoming Energy [14920000, 15680000)
   Total Material
     Flux                                 0.000383287 +/- 2.76869e-05
 Incoming Energy [15680000, 16490000)
   Total Material
     Flux                                 0.000230003 +/- 2.05467e-05
 Incoming Energy [16490000, 16910000)
   Total Material
     Flux                                 8.39713e-05 +/- 1.20598e-05
 Incoming Energy [16910000, 17330000)
   Total Material
     Flux                                 3.95943e-05 +/- 7.37692e-06
 Incoming Energy [17330000, 19640000)
   Total Material
     Flux                                 0.000126282 +/- 1.53898e-05
 ====================>     TALLY 28: IFP_KINETICS     <=====================

 Total Material
   IFP delayed fraction numerator       0.00471405 +/- 4.44554e-05
   IFP common denominator               0.997786 +/- 0.000263933
   IFP lifetime numerator               9.1142e-07 +/- 9.41888e-10
 ==================>     TALLY 29: IFP_BETA_BY_GROUP     <==================

 Delayed Group 1
   Total Material
     IFP delayed fraction numerator       0.0001196 +/- 6.45309e-06
 Delayed Group 2
   Total Material
     IFP delayed fraction numerator       0.0007928 +/- 1.85883e-05
 Delayed Group 3
   Total Material
     IFP delayed fraction numerator       0.00076895 +/- 1.85244e-05
 Delayed Group 4
   Total Material
     IFP delayed fraction numerator       0.00179455 +/- 2.67073e-05
 Delayed Group 5
   Total Material
     IFP delayed fraction numerator       0.00088045 +/- 1.96271e-05
 Delayed Group 6
   Total Material
     IFP delayed fraction numerator       0.0003577 +/- 1.23333e-05
 =====================>     TALLY 30: FLUX_TOTAL     <======================

 Total Material
   Flux                                 428.931 +/- 0.0642093
 ==================>     TALLY 31: RR_SALT_MT1_MT102     <==================

 Na23
   Total Reaction Rate                  15.6767 +/- 0.00270979
   (n,gamma)                            0.00378077 +/- 2.30262e-06
 Cl35
   Total Reaction Rate                  0.197654 +/- 2.93665e-05
   (n,gamma)                            0.0004557 +/- 4.81292e-07
 Cl37
   Total Reaction Rate                  15.2518 +/- 0.00216123
   (n,gamma)                            0.00677134 +/- 1.80214e-06
 ===============>     TALLY 32: RR_FUEL_MT1_MT18_MT102     <================

 U235
   Total Reaction Rate                  1.3247 +/- 0.000230397
   Fission Rate                         0.205919 +/- 4.16556e-05
   (n,gamma)                            0.057541 +/- 1.58273e-05
 U238
   Total Reaction Rate                  14.0648 +/- 0.00234368
   Fission Rate                         0.0406376 +/- 1.38437e-05
   (n,gamma)                            0.327795 +/- 7.85002e-05
 ===========================>     TALLY 33     <============================

 Internal

