 ====================>     TALLY 27: FLUX_SPECTRUM     <====================

 Incoming Energy [1e-05, 0.00011)
   Total Material
     Flux                                 0 +/- 0
 Incoming Energy [0.00011, 0.003)
   Total Material
     Flux                                 0 +/- 0
 Incoming Energy [0.003, 0.0055)
   Total Material
     Flux                                 0 +/- 0
 Incoming Energy [0.0055, 0.01)
   Total Material
     Flux                                 0 +/- 0
 Incoming Energy [0.01, 0.015)
   Total Material
     Flux                                 0 +/- 0
 Incoming Energy [0.015, 0.02)
   Total Material
     Flux                                 0 +/- 0
 Incoming Energy [0.02, 0.03)
   Total Material
     Flux                                 0 +/- 0
 Incoming Energy [0.03, 0.032)
   Total Material
     Flux                                 0 +/- 0
 Incoming Energy [0.032, 0.03238)
   Total Material
     Flux                                 0 +/- 0
 Incoming Energy [0.03238, 0.043)
   Total Material
     Flux                                 0 +/- 0
 Incoming Energy [0.043, 0.059)
   Total Material
     Flux                                 0 +/- 0
 Incoming Energy [0.059, 0.077)
   Total Material
     Flux                                 0 +/- 0
 Incoming Energy [0.077, 0.095)
   Total Material
     Flux                                 0 +/- 0
 Incoming Energy [0.095, 0.1)
   Total Material
     Flux                                 0 +/- 0
 Incoming Energy [0.1, 0.115)
   Total Material
     Flux                                 0 +/- 0
 Incoming Energy [0.115, 0.134)
   Total Material
     Flux                                 0 +/- 0
 Incoming Energy [0.134, 0.16)
   Total Material
     Flux                                 0 +/- 0
 Incoming Energy [0.16, 0.189)
   Total Material
     Flux                                 0 +/- 0
 Incoming Energy [0.189, 0.22)
   Total Material
     Flux                                 0 +/- 0
 Incoming Energy [0.22, 0.248)
   Total Material
     Flux                                 0 +/- 0
 Incoming Energy [0.248, 0.2825)
   Total Material
     Flux                                 0 +/- 0
 Incoming Energy [0.2825, 0.3145)
   Total Material
     Flux                                 0 +/- 0
 Incoming Energy [0.3145, 0.352)
   Total Material
     Flux                                 0 +/- 0
 Incoming Energy [0.352, 0.391)
   Total Material
     Flux                                 4.28669e-07 +/- 3.02524e-07
 Incoming Energy [0.391, 0.414)
   Total Material
     Flux                                 0 +/- 0
 Incoming Energy [0.414, 0.433)
   Total Material
     Flux                                 2.0016e-07 +/- 2.0016e-07
 Incoming Energy [0.433, 0.485)
   Total Material
     Flux                                 0 +/- 0
 Incoming Energy [0.485, 0.5316)
   Total Material
     Flux                                 0 +/- 0
 Incoming Energy [0.5316, 0.54)
   Total Material
     Flux                                 0 +/- 0
 Incoming Energy [0.54, 0.625)
   Total Material
     Flux                                 0 +/- 0
 Incoming Energy [0.625, 0.6826)
   Total Material
     Flux                                 0 +/- 0
 Incoming Energy [0.6826, 0.705)
   Total Material
     Flux                                 0 +/- 0
 Incoming Energy [0.705, 0.79)
   Total Material
     Flux                                 0 +/- 0
 Incoming Energy [0.79, 0.86)
   Total Material
     Flux                                 5.52589e-07 +/- 4.25425e-07
 Incoming Energy [0.86, 0.8764)
   Total Material
     Flux                                 0 +/- 0
 Incoming Energy [0.8764, 0.93)
   Total Material
     Flux                                 0 +/- 0
 Incoming Energy [0.93, 0.986)
   Total Material
     Flux                                 0 +/- 0
 Incoming Energy [0.986, 1.01)
   Total Material
     Flux                                 0 +/- 0
 Incoming Energy [1.01, 1.035)
   Total Material
     Flux                                 0 +/- 0
 Incoming Energy [1.035, 1.07)
   Total Material
     Flux                                 0 +/- 0
 Incoming Energy [1.07, 1.08)
   Total Material
     Flux                                 1.10248e-08 +/- 1.10248e-08
 Incoming Energy [1.08, 1.09)
   Total Material
     Flux                                 0 +/- 0
 Incoming Energy [1.09, 1.11)
   Total Material
     Flux                                 2.60913e-07 +/- 2.60913e-07
 Incoming Energy [1.11, 1.125)
   Total Material
     Flux                                 4.02235e-07 +/- 4.02235e-07
 Incoming Energy [1.125, 1.17)
   Total Material
     Flux                                 6.88566e-08 +/- 6.88566e-08
 Incoming Energy [1.17, 1.235)
   Total Material
     Flux                                 1.93788e-07 +/- 1.93788e-07
 Incoming Energy [1.235, 1.305)
   Total Material
     Flux                                 6.5554e-08 +/- 6.5554e-08
 Incoming Energy [1.305, 1.37)
   Total Material
     Flux                                 0 +/- 0
 Incoming Energy [1.37, 1.44)
   Total Material
     Flux                                 5.33876e-07 +/- 4.12385e-07
 Incoming Energy [1.44, 1.445)
   Total Material
     Flux                                 0 +/- 0
 Incoming Energy [1.445, 1.51)
   Total Material
     Flux                                 9.95914e-07 +/- 7.25556e-07
 Incoming Energy [1.51, 1.59)
   Total Material
     Flux                                 7.41453e-07 +/- 6.2356e-07
 Incoming Energy [1.59, 1.67)
   Total Material
     Flux                                 9.07773e-07 +/- 9.07773e-07
 Incoming Energy [1.67, 1.755)
   Total Material
     Flux                                 8.77264e-07 +/- 7.13281e-07
 Incoming Energy [1.755, 1.84)
   Total Material
     Flux                                 6.22852e-07 +/- 5.19929e-07
 Incoming Energy [1.84, 1.855)
   Total Material
     Flux                                 0 +/- 0
 Incoming Energy [1.855, 1.93)
   Total Material
     Flux                                 2.32185e-06 +/- 2.32185e-06
 Incoming Energy [1.93, 2.02)
   Total Material
     Flux                                 9.5752e-07 +/- 6.35806e-07
 Incoming Energy [2.02, 2.13)
   Total Material
     Flux                                 4.40525e-06 +/- 2.95033e-06
 Incoming Energy [2.13, 2.36)
   Total Material
     Flux                                 1.31672e-06 +/- 1.26914e-06
 Incoming Energy [2.36, 2.372)
   Total Material
     Flux                                 0 +/- 0
 Incoming Energy [2.372, 2.768)
   Total Material
     Flux                                 4.91913e-06 +/- 3.52569e-06
 Incoming Energy [2.768, 3.059)
   Total Material
     Flux                                 0 +/- 0
 Incoming Energy [3.059, 3.381)
   Total Material
     Flux                                 0 +/- 0
 Incoming Energy [3.381, 3.928)
   Total Material
     Flux                                 1.37248e-06 +/- 1.37248e-06
 Incoming Energy [3.928, 4.129)
   Total Material
     Flux                                 1.21897e-06 +/- 1.21897e-06
 Incoming Energy [4.129, 4.47)
   Total Material
     Flux                                 2.02912e-06 +/- 1.34787e-06
 Incoming Energy [4.47, 4.67)
   Total Material
     Flux                                 3.7711e-06 +/- 2.55343e-06
 Incoming Energy [4.67, 5.043)
   Total Material
     Flux                                 1.68005e-06 +/- 8.83206e-07
 Incoming Energy [5.043, 5.623)
   Total Material
     Flux                                 1.07381e-06 +/- 7.15887e-07
 Incoming Energy [5.623, 6.16)
   Total Material
     Flux                                 1.101e-06 +/- 7.40555e-07
 Incoming Energy [6.16, 6.476)
   Total Material
     Flux                                 3.32983e-07 +/- 2.23627e-07
 Incoming Energy [6.476, 7.079)
   Total Material
     Flux                                 5.47478e-08 +/- 2.70188e-08
 Incoming Energy [7.079, 7.524)
   Total Material
     Flux                                 5.17512e-06 +/- 2.92666e-06
 Incoming Energy [7.524, 7.943)
   Total Material
     Flux                                 8.24009e-07 +/- 6.19661e-07
 Incoming Energy [7.943, 8.315)
   Total Material
     Flux                                 2.45826e-06 +/- 1.36462e-06
 Incoming Energy [8.315, 8.913)
   Total Material
     Flux                                 2.45176e-06 +/- 9.33446e-07
 Incoming Energy [8.913, 9.19)
   Total Material
     Flux                                 5.56711e-07 +/- 4.02506e-07
 Incoming Energy [9.19, 10)
   Total Material
     Flux                                 6.21895e-06 +/- 2.4306e-06
 Incoming Energy [10, 10.68)
   Total Material
     Flux                                 2.8732e-06 +/- 1.61297e-06
 Incoming Energy [10.68, 11.22)
   Total Material
     Flux                                 2.9272e-06 +/- 1.36059e-06
 Incoming Energy [11.22, 12.59)
   Total Material
     Flux                                 5.04085e-06 +/- 1.50489e-06
 Incoming Energy [12.59, 13.71)
   Total Material
     Flux                                 7.27235e-06 +/- 2.56477e-06
 Incoming Energy [13.71, 15.23)
   Total Material
     Flux                                 3.28037e-06 +/- 1.0386e-06
 Incoming Energy [15.23, 16.74)
   Total Material
     Flux                                 6.8129e-06 +/- 2.42891e-06
 Incoming Energy [16.74, 17.6)
   Total Material
     Flux                                 2.37511e-06 +/- 2.06617e-06
 Incoming Energy [17.6, 19.03)
   Total Material
     Flux                                 3.47722e-06 +/- 1.60316e-06
 Incoming Energy [19.03, 20.45)
   Total Material
     Flux                                 4.83556e-06 +/- 1.38896e-06
 Incoming Energy [20.45, 22.6)
   Total Material
     Flux                                 3.44456e-06 +/- 1.14351e-06
 Incoming Energy [22.6, 24.98)
   Total Material
     Flux                                 1.09788e-05 +/- 2.69725e-06
 Incoming Energy [24.98, 27.92)
   Total Material
     Flux                                 1.94742e-05 +/- 4.55299e-06
 Incoming Energy [27.92, 29.2)
   Total Material
     Flux                                 8.92981e-06 +/- 3.37752e-06
 Incoming Energy [29.2, 30.51)
   Total Material
     Flux                                 7.35303e-06 +/- 2.641e-06
 Incoming Energy [30.51, 33.89)
   Total Material
     Flux                                 9.33221e-06 +/- 2.77406e-06
 Incoming Energy [33.89, 37.27)
   Total Material
     Flux                                 8.09691e-06 +/- 2.08041e-06
 Incoming Energy [37.27, 39.81)
   Total Material
     Flux                                 9.90331e-06 +/- 2.43185e-06
 Incoming Energy [39.81, 45.52)
   Total Material
     Flux                                 2.01591e-05 +/- 4.23611e-06
 Incoming Energy [45.52, 47.85)
   Total Material
     Flux                                 1.1035e-05 +/- 2.98779e-06
 Incoming Energy [47.85, 50.12)
   Total Material
     Flux                                 1.37748e-05 +/- 3.504e-06
 Incoming Energy [50.12, 55.59)
   Total Material
     Flux                                 3.6579e-05 +/- 5.82973e-06
 Incoming Energy [55.59, 61.44)
   Total Material
     Flux                                 4.09398e-05 +/- 7.00359e-06
 Incoming Energy [61.44, 63.1)
   Total Material
     Flux                                 1.00089e-05 +/- 2.44744e-06
 Incoming Energy [63.1, 67.9)
   Total Material
     Flux                                 3.97565e-05 +/- 7.41014e-06
 Incoming Energy [67.9, 70.79)
   Total Material
     Flux                                 3.58841e-05 +/- 6.16353e-06
 Incoming Energy [70.79, 78.89)
   Total Material
     Flux                                 8.49928e-05 +/- 1.15778e-05
 Incoming Energy [78.89, 85.28)
   Total Material
     Flux                                 5.32293e-05 +/- 7.6023e-06
 Incoming Energy [85.28, 91.66)
   Total Material
     Flux                                 6.62799e-05 +/- 8.50978e-06
 Incoming Energy [91.66, 101.3)
   Total Material
     Flux                                 0.00014796 +/- 1.51102e-05
 Incoming Energy [101.3, 112.2)
   Total Material
     Flux                                 0.000166525 +/- 1.44668e-05
 Incoming Energy [112.2, 130.1)
   Total Material
     Flux                                 0.000372935 +/- 2.41451e-05
 Incoming Energy [130.1, 136.7)
   Total Material
     Flux                                 0.000147505 +/- 1.18444e-05
 Incoming Energy [136.7, 158.5)
   Total Material
     Flux                                 0.000691243 +/- 3.50038e-05
 Incoming Energy [158.5, 167)
   Total Material
     Flux                                 0.000252913 +/- 1.7824e-05
 Incoming Energy [167, 177.8)
   Total Material
     Flux                                 0.000544489 +/- 2.82475e-05
 Incoming Energy [177.8, 204)
   Total Material
     Flux                                 0.00140366 +/- 4.87219e-05
 Incoming Energy [204, 214.5)
   Total Material
     Flux                                 0.000860962 +/- 3.24676e-05
 Incoming Energy [214.5, 243)
   Total Material
     Flux                                 0.00277628 +/- 6.09601e-05
 Incoming Energy [243, 275.4)
   Total Material
     Flux                                 0.00550714 +/- 9.47672e-05
 Incoming Energy [275.4, 304.3)
   Total Material
     Flux                                 0.00733478 +/- 0.000104831
 Incoming Energy [304.3, 353.6)
   Total Material
     Flux                                 0.0189026 +/- 0.000197726
 Incoming Energy [353.6, 398.1)
   Total Material
     Flux                                 0.0203445 +/- 0.000164413
 Incoming Energy [398.1, 454)
   Total Material
     Flux                                 0.0390807 +/- 0.000257865
 Incoming Energy [454, 514.5)
   Total Material
     Flux                                 0.061017 +/- 0.000310771
 Incoming Energy [514.5, 583)
   Total Material
     Flux                                 0.091917 +/- 0.000406286
 Incoming Energy [583, 631)
   Total Material
     Flux                                 0.0900025 +/- 0.000376882
 Incoming Energy [631, 677.3)
   Total Material
     Flux                                 0.100055 +/- 0.000392547
 Incoming Energy [677.3, 707.9)
   Total Material
     Flux                                 0.0775355 +/- 0.000313871
 Incoming Energy [707.9, 748.5)
   Total Material
     Flux                                 0.106861 +/- 0.000400795
 Incoming Energy [748.5, 848.2)
   Total Material
     Flux                                 0.337186 +/- 0.000823566
 Incoming Energy [848.2, 961.1)
   Total Material
     Flux                                 0.436202 +/- 0.00100291
 Incoming Energy [961.1, 1010)
   Total Material
     Flux                                 0.214748 +/- 0.000546095
 Incoming Energy [1010, 1117)
   Total Material
     Flux                                 0.530014 +/- 0.000949207
 Incoming Energy [1117, 1234)
   Total Material
     Flux                                 0.610064 +/- 0.000923141
 Incoming Energy [1234, 1364)
   Total Material
     Flux                                 0.672626 +/- 0.000960086
 Incoming Energy [1364, 1507)
   Total Material
     Flux                                 0.836044 +/- 0.00117944
 Incoming Energy [1507, 1585)
   Total Material
     Flux                                 0.440356 +/- 0.000747558
 Incoming Energy [1585, 1796)
   Total Material
     Flux                                 1.05881 +/- 0.00132056
 Incoming Energy [1796, 2035)
   Total Material
     Flux                                 0.87889 +/- 0.000980384
 Incoming Energy [2035, 2113)
   Total Material
     Flux                                 0.201422 +/- 0.000319103
 Incoming Energy [2113, 2249)
   Total Material
     Flux                                 0.262722 +/- 0.000329469
 Incoming Energy [2249, 2371)
   Total Material
     Flux                                 0.145258 +/- 0.000193056
 Incoming Energy [2371, 2485)
   Total Material
     Flux                                 0.0832337 +/- 0.000115763
 Incoming Energy [2485, 2613)
   Total Material
     Flux                                 0.0494761 +/- 7.7535e-05
 Incoming Energy [2613, 2661)
   Total Material
     Flux                                 0.0108446 +/- 2.55914e-05
 Incoming Energy [2661, 2747)
   Total Material
     Flux                                 0.0131728 +/- 2.51688e-05
 Incoming Energy [2747, 2818)
   Total Material
     Flux                                 0.0080573 +/- 1.68369e-05
 Incoming Energy [2818, 3035)
   Total Material
     Flux                                 0.0318611 +/- 4.0944e-05
 Incoming Energy [3035, 3162)
   Total Material
     Flux                                 0.036145 +/- 5.63066e-05
 Incoming Energy [3162, 3355)
   Total Material
     Flux                                 0.0924332 +/- 0.000127291
 Incoming Energy [3355, 3548)
   Total Material
     Flux                                 0.145006 +/- 0.000197215
 Incoming Energy [3548, 3707)
   Total Material
     Flux                                 0.155472 +/- 0.000222892
 Incoming Energy [3707, 3981)
   Total Material
     Flux                                 0.342789 +/- 0.0004055
 Incoming Energy [3981, 4307)
   Total Material
     Flux                                 0.523397 +/- 0.000627603
 Incoming Energy [4307, 4643)
   Total Material
     Flux                                 0.645001 +/- 0.000722517
 Incoming Energy [4643, 5004)
   Total Material
     Flux                                 0.792224 +/- 0.000918767
 Incoming Energy [5004, 5531)
   Total Material
     Flux                                 1.29638 +/- 0.00121782
 Incoming Energy [5531, 6267)
   Total Material
     Flux                                 2.00105 +/- 0.00169205
 Incoming Energy [6267, 7102)
   Total Material
     Flux                                 2.50174 +/- 0.00208656
 Incoming Energy [7102, 7466)
   Total Material
     Flux                                 1.16328 +/- 0.00147436
 Incoming Energy [7466, 8251)
   Total Material
     Flux                                 2.64331 +/- 0.00199571
 Incoming Energy [8251, 9119)
   Total Material
     Flux                                 1.11763 +/- 0.000880582
 Incoming Energy [9119, 10080)
   Total Material
     Flux                                 2.39413 +/- 0.00184845
 Incoming Energy [10080, 11140)
   Total Material
     Flux                                 2.88805 +/- 0.00188271
 Incoming Energy [11140, 11710)
   Total Material
     Flux                                 1.5982 +/- 0.00146745
 Incoming Energy [11710, 12730)
   Total Material
     Flux                                 2.92293 +/- 0.0019471
 Incoming Energy [12730, 13830)
   Total Material
     Flux                                 3.13701 +/- 0.00220136
 Incoming Energy [13830, 15030)
   Total Material
     Flux                                 3.45563 +/- 0.00235216
 Incoming Energy [15030, 15850)
   Total Material
     Flux                                 2.35536 +/- 0.00175496
 Incoming Energy [15850, 16620)
   Total Material
     Flux                                 2.22786 +/- 0.00180744
 Incoming Energy [16620, 17780)
   Total Material
     Flux                                 3.37753 +/- 0.00209049
 Incoming Energy [17780, 19310)
   Total Material
     Flux                                 4.34687 +/- 0.00246333
 Incoming Energy [19310, 19950)
   Total Material
     Flux                                 1.8944 +/- 0.00153717
 Incoming Energy [19950, 20540)
   Total Material
     Flux                                 1.73315 +/- 0.00152314
 Incoming Energy [20540, 21130)
   Total Material
     Flux                                 1.70441 +/- 0.00133546
 Incoming Energy [21130, 21870)
   Total Material
     Flux                                 2.0368 +/- 0.0016096
 Incoming Energy [21870, 22390)
   Total Material
     Flux                                 1.47805 +/- 0.00137024
 Incoming Energy [22390, 23040)
   Total Material
     Flux                                 2.04331 +/- 0.00162207
 Incoming Energy [23040, 23580)
   Total Material
     Flux                                 1.79428 +/- 0.00149924
 Incoming Energy [23580, 24180)
   Total Material
     Flux                                 1.85204 +/- 0.00152337
 Incoming Energy [24180, 24410)
   Total Material
     Flux                                 0.59087 +/- 0.00071898
 Incoming Energy [24410, 24790)
   Total Material
     Flux                                 0.738869 +/- 0.000823257
 Incoming Energy [24790, 25120)
   Total Material
     Flux                                 0.370199 +/- 0.000410858
 Incoming Energy [25120, 25850)
   Total Material
     Flux                                 0.26503 +/- 0.000230756
 Incoming Energy [25850, 26060)
   Total Material
     Flux                                 0.0864648 +/- 0.000125319
 Incoming Energy [26060, 26610)
   Total Material
     Flux                                 0.417688 +/- 0.000383764
 Incoming Energy [26610, 27000)
   Total Material
     Flux                                 0.441022 +/- 0.000445204
 Incoming Energy [27000, 27380)
   Total Material
     Flux                                 0.515085 +/- 0.000576943
 Incoming Energy [27380, 28180)
   Total Material
     Flux                                 1.20889 +/- 0.000859455
 Incoming Energy [28180, 28500)
   Total Material
     Flux                                 0.555764 +/- 0.000592988
 Incoming Energy [28500, 29010)
   Total Material
     Flux                                 0.928283 +/- 0.000876197
 Incoming Energy [29010, 29850)
   Total Material
     Flux                                 1.57655 +/- 0.00115012
 Incoming Energy [29850, 30730)
   Total Material
     Flux                                 1.70633 +/- 0.00147861
 Incoming Energy [30730, 31620)
   Total Material
     Flux                                 1.73304 +/- 0.00142609
 Incoming Energy [31620, 31830)
   Total Material
     Flux                                 0.403053 +/- 0.00059851
 Incoming Energy [31830, 34310)
   Total Material
     Flux                                 4.81162 +/- 0.00255381
 Incoming Energy [34310, 36980)
   Total Material
     Flux                                 5.24991 +/- 0.0027688
 Incoming Energy [36980, 40870)
   Total Material
     Flux                                 7.46169 +/- 0.00337344
 Incoming Energy [40870, 43590)
   Total Material
     Flux                                 5.55294 +/- 0.00279994
 Incoming Energy [43590, 46310)
   Total Material
     Flux                                 5.66946 +/- 0.0027639
 Incoming Energy [46310, 49390)
   Total Material
     Flux                                 2.53265 +/- 0.00136028
 Incoming Energy [49390, 52480)
   Total Material
     Flux                                 3.16488 +/- 0.00173661
 Incoming Energy [52480, 55170)
   Total Material
     Flux                                 1.68111 +/- 0.00099791
 Incoming Energy [55170, 56560)
   Total Material
     Flux                                 1.30009 +/- 0.00106939
 Incoming Energy [56560, 61730)
   Total Material
     Flux                                 6.97167 +/- 0.00338977
 Incoming Energy [61730, 67380)
   Total Material
     Flux                                 7.23299 +/- 0.00325955
 Incoming Energy [67380, 72000)
   Total Material
     Flux                                 5.99072 +/- 0.00314835
 Incoming Energy [72000, 74990)
   Total Material
     Flux                                 3.8755 +/- 0.00248308
 Incoming Energy [74990, 79500)
   Total Material
     Flux                                 5.70942 +/- 0.00271333
 Incoming Energy [79500, 82300)
   Total Material
     Flux                                 3.29307 +/- 0.00208012
 Incoming Energy [82300, 82500)
   Total Material
     Flux                                 0.234915 +/- 0.000451227
 Incoming Energy [82500, 86520)
   Total Material
     Flux                                 5.16861 +/- 0.00277408
 Incoming Energy [86520, 98040)
   Total Material
     Flux                                 11.8508 +/- 0.00463346
 Incoming Energy [98040, 111100)
   Total Material
     Flux                                 12.822 +/- 0.00490017
 Incoming Energy [111100, 116800)
   Total Material
     Flux                                 5.3378 +/- 0.00292957
 Incoming Energy [116800, 122800)
   Total Material
     Flux                                 5.95032 +/- 0.00291933
 Incoming Energy [122800, 129100)
   Total Material
     Flux                                 5.6701 +/- 0.00280928
 Incoming Energy [129100, 135700)
   Total Material
     Flux                                 6.72779 +/- 0.0032893
 Incoming Energy [135700, 142600)
   Total Material
     Flux                                 3.14477 +/- 0.00159266
 Incoming Energy [142600, 150000)
   Total Material
     Flux                                 4.0924 +/- 0.00196741
 Incoming Energy [150000, 157600)
   Total Material
     Flux                                 5.09292 +/- 0.0025285
 Incoming Energy [157600, 165700)
   Total Material
     Flux                                 5.64253 +/- 0.00257595
 Incoming Energy [165700, 174200)
   Total Material
     Flux                                 5.88771 +/- 0.00279442
 Incoming Energy [174200, 183200)
   Total Material
     Flux                                 4.78194 +/- 0.00226503
 Incoming Energy [183200, 192500)
   Total Material
     Flux                                 4.53072 +/- 0.00232699
 Incoming Energy [192500, 202400)
   Total Material
     Flux                                 3.9084 +/- 0.00183316
 Incoming Energy [202400, 212800)
   Total Material
     Flux                                 4.35302 +/- 0.00216553
 Incoming Energy [212800, 223700)
   Total Material
     Flux                                 4.37327 +/- 0.00218575
 Incoming Energy [223700, 235200)
   Total Material
     Flux                                 4.76219 +/- 0.00224489
 Incoming Energy [235200, 247200)
   Total Material
     Flux                                 4.02051 +/- 0.00206738
 Incoming Energy [247200, 273200)
   Total Material
     Flux                                 10.6134 +/- 0.00415562
 Incoming Energy [273200, 287300)
   Total Material
     Flux                                 6.18485 +/- 0.00295485
 Incoming Energy [287300, 294500)
   Total Material
     Flux                                 3.28002 +/- 0.00218674
 Incoming Energy [294500, 297200)
   Total Material
     Flux                                 1.25776 +/- 0.00135246
 Incoming Energy [297200, 298500)
   Total Material
     Flux                                 0.492416 +/- 0.000778746
 Incoming Energy [298500, 302000)
   Total Material
     Flux                                 0.956285 +/- 0.000953744
 Incoming Energy [302000, 333700)
   Total Material
     Flux                                 9.76595 +/- 0.00362429
 Incoming Energy [333700, 368800)
   Total Material
     Flux                                 10.3832 +/- 0.00387601
 Incoming Energy [368800, 387700)
   Total Material
     Flux                                 3.93478 +/- 0.00222335
 Incoming Energy [387700, 407600)
   Total Material
     Flux                                 4.49578 +/- 0.00229762
 Incoming Energy [407600, 450500)
   Total Material
     Flux                                 7.4651 +/- 0.0031684
 Incoming Energy [450500, 523400)
   Total Material
     Flux                                 14.7332 +/- 0.00576962
 Incoming Energy [523400, 550200)
   Total Material
     Flux                                 4.11252 +/- 0.00250577
 Incoming Energy [550200, 578400)
   Total Material
     Flux                                 3.6412 +/- 0.00225952
 Incoming Energy [578400, 608100)
   Total Material
     Flux                                 3.27088 +/- 0.0019809
 Incoming Energy [608100, 639300)
   Total Material
     Flux                                 2.97733 +/- 0.00199438
 Incoming Energy [639300, 672100)
   Total Material
     Flux                                 2.98596 +/- 0.00211809
 Incoming Energy [672100, 706500)
   Total Material
     Flux                                 2.6064 +/- 0.00148138
 Incoming Energy [706500, 742700)
   Total Material
     Flux                                 2.40915 +/- 0.00165158
 Incoming Energy [742700, 780800)
   Total Material
     Flux                                 2.85001 +/- 0.00186506
 Incoming Energy [780800, 820900)
   Total Material
     Flux                                 2.65752 +/- 0.00197837
 Incoming Energy [820900, 862900)
   Total Material
     Flux                                 2.84142 +/- 0.00205303
 Incoming Energy [862900, 907200)
   Total Material
     Flux                                 2.61231 +/- 0.0019793
 Incoming Energy [907200, 961600)
   Total Material
     Flux                                 3.10039 +/- 0.00224247
 Incoming Energy [961600, 1003000)
   Total Material
     Flux                                 2.02734 +/- 0.00186892
 Incoming Energy [1003000, 1108000)
   Total Material
     Flux                                 4.89709 +/- 0.00311584
 Incoming Energy [1108000, 1165000)
   Total Material
     Flux                                 2.71855 +/- 0.00206313
 Incoming Energy [1165000, 1225000)
   Total Material
     Flux                                 2.552 +/- 0.00189803
 Incoming Energy [1225000, 1287000)
   Total Material
     Flux                                 2.08193 +/- 0.00173693
 Incoming Energy [1287000, 1353000)
   Total Material
     Flux                                 2.0318 +/- 0.00165697
 Incoming Energy [1353000, 1423000)
   Total Material
     Flux                                 1.99519 +/- 0.00177353
 Incoming Energy [1423000, 1496000)
   Total Material
     Flux                                 1.8946 +/- 0.00165922
 Incoming Energy [1496000, 1572000)
   Total Material
     Flux                                 1.81321 +/- 0.00164255
 Incoming Energy [1572000, 1653000)
   Total Material
     Flux                                 1.65789 +/- 0.00154973
 Incoming Energy [1653000, 1738000)
   Total Material
     Flux                                 1.63361 +/- 0.00143818
 Incoming Energy [1738000, 1827000)
   Total Material
     Flux                                 1.4978 +/- 0.0014349
 Incoming Energy [1827000, 1921000)
   Total Material
     Flux                                 1.52794 +/- 0.00129324
 Incoming Energy [1921000, 2019000)
   Total Material
     Flux                                 1.34247 +/- 0.00129186
 Incoming Energy [2019000, 2122000)
   Total Material
     Flux                                 1.20569 +/- 0.00128202
 Incoming Energy [2122000, 2231000)
   Total Material
     Flux                                 1.16767 +/- 0.00116581
 Incoming Energy [2231000, 2307000)
   Total Material
     Flux                                 0.764799 +/- 0.00100744
 Incoming Energy [2307000, 2346000)
   Total Material
     Flux                                 0.377818 +/- 0.000611238
 Incoming Energy [2346000, 2365000)
   Total Material
     Flux                                 0.179689 +/- 0.000415041
 Incoming Energy [2365000, 2385000)
   Total Material
     Flux                                 0.183635 +/- 0.000394145
 Incoming Energy [2385000, 2466000)
   Total Material
     Flux                                 0.684924 +/- 0.000848222
 Incoming Energy [2466000, 2592000)
   Total Material
     Flux                                 0.990177 +/- 0.00119552
 Incoming Energy [2592000, 2725000)
   Total Material
     Flux                                 0.943743 +/- 0.00105225
 Incoming Energy [2725000, 2865000)
   Total Material
     Flux                                 0.863612 +/- 0.000898735
 Incoming Energy [2865000, 3012000)
   Total Material
     Flux                                 0.794602 +/- 0.00106743
 Incoming Energy [3012000, 3166000)
   Total Material
     Flux                                 0.744808 +/- 0.00102084
 Incoming Energy [3166000, 3329000)
   Total Material
     Flux                                 0.644698 +/- 0.000924936
 Incoming Energy [3329000, 3679000)
   Total Material
     Flux                                 1.07465 +/- 0.00124644
 Incoming Energy [3679000, 4066000)
   Total Material
     Flux                                 0.871434 +/- 0.00121726
 Incoming Energy [4066000, 4493000)
   Total Material
     Flux                                 0.680497 +/- 0.00103613
 Incoming Energy [4493000, 4724000)
   Total Material
     Flux                                 0.283465 +/- 0.000634239
 Incoming Energy [4724000, 4966000)
   Total Material
     Flux                                 0.245574 +/- 0.000667755
 Incoming Energy [4966000, 5220000)
   Total Material
     Flux                                 0.214328 +/- 0.000564015
 Incoming Energy [5220000, 5488000)
   Total Material
     Flux                                 0.182572 +/- 0.000534221
 Incoming Energy [5488000, 5769000)
   Total Material
     Flux                                 0.158348 +/- 0.000517989
 Incoming Energy [5769000, 6065000)
   Total Material
     Flux                                 0.136341 +/- 0.000456016
 Incoming Energy [6065000, 6376000)
   Total Material
     Flux                                 0.113751 +/- 0.000387223
 Incoming Energy [6376000, 6592000)
   Total Material
     Flux                                 0.0656744 +/- 0.000302541
 Incoming Energy [6592000, 6703000)
   Total Material
     Flux                                 0.0298464 +/- 0.000202259
 Incoming Energy [6703000, 7047000)
   Total Material
     Flux                                 0.0792208 +/- 0.000331772
 Incoming Energy [7047000, 7408000)
   Total Material
     Flux                                 0.0645651 +/- 0.000329641
 Incoming Energy [7408000, 7788000)
   Total Material
     Flux                                 0.0512304 +/- 0.000309213
 Incoming Energy [7788000, 8187000)
   Total Material
     Flux                                 0.0407052 +/- 0.000267635
 Incoming Energy [8187000, 8607000)
   Total Material
     Flux                                 0.0318916 +/- 0.000224451
 Incoming Energy [8607000, 9048000)
   Total Material
     Flux                                 0.024642 +/- 0.000207027
 Incoming Energy [9048000, 9512000)
   Total Material
     Flux                                 0.0187242 +/- 0.00017589
 Incoming Energy [9512000, 10000000)
   Total Material
     Flux                                 0.0136196 +/- 0.000174898
 Incoming Energy [10000000, 10510000)
   Total Material
     Flux                                 0.00984974 +/- 0.000132656
 Incoming Energy [10510000, 11050000)
   Total Material
     Flux                                 0.00733507 +/- 0.000124601
 Incoming Energy [11050000, 11620000)
   Total Material
     Flux                                 0.00506879 +/- 0.000100249
 Incoming Energy [11620000, 12210000)
   Total Material
     Flux                                 0.00336752 +/- 8.10615e-05
 Incoming Energy [12210000, 12840000)
   Total Material
     Flux                                 0.00238618 +/- 6.87168e-05
 Incoming Energy [12840000, 13500000)
   Total Material
     Flux                                 0.00151549 +/- 5.58654e-05
 Incoming Energy [13500000, 13840000)
   Total Material
     Flux                                 0.000525937 +/- 3.08485e-05
 Incoming Energy [13840000, 14190000)
   Total Material
     Flux                                 0.000405183 +/- 2.6364e-05
 Incoming Energy [14190000, 14550000)
   Total Material
     Flux                                 0.000335685 +/- 2.40344e-05
 Incoming Energy [14550000, 14920000)
   Total Material
     Flux                                 0.000245083 +/- 2.18898e-05
 Incoming Energy [14920000, 15680000)
   Total Material
     Flux                                 0.000361369 +/- 2.60751e-05
 Incoming Energy [15680000, 16490000)
   Total Material
     Flux                                 0.000215993 +/- 2.06086e-05
 Incoming Energy [16490000, 16910000)
   Total Material
     Flux                                 5.35623e-05 +/- 9.35603e-06
 Incoming Energy [16910000, 17330000)
   Total Material
     Flux                                 6.2172e-05 +/- 9.67183e-06
 Incoming Energy [17330000, 19640000)
   Total Material
     Flux                                 9.85338e-05 +/- 1.3257e-05
 ====================>     TALLY 28: IFP_KINETICS     <=====================

 Total Material
   IFP delayed fraction numerator       0.005611 +/- 5.34323e-05
   IFP common denominator               0.998823 +/- 0.000245398
   IFP lifetime numerator               8.84775e-07 +/- 8.34912e-10
 ==================>     TALLY 29: IFP_BETA_BY_GROUP     <==================

 Delayed Group 1
   Total Material
     IFP delayed fraction numerator       0.00016105 +/- 8.77451e-06
 Delayed Group 2
   Total Material
     IFP delayed fraction numerator       0.0009293 +/- 2.17393e-05
 Delayed Group 3
   Total Material
     IFP delayed fraction numerator       0.0009316 +/- 2.19666e-05
 Delayed Group 4
   Total Material
     IFP delayed fraction numerator       0.00216845 +/- 3.1753e-05
 Delayed Group 5
   Total Material
     IFP delayed fraction numerator       0.00099845 +/- 2.14254e-05
 Delayed Group 6
   Total Material
     IFP delayed fraction numerator       0.00042215 +/- 1.47452e-05
 =====================>     TALLY 30: FLUX_TOTAL     <======================

 Total Material
   Flux                                 407.789 +/- 0.0632286
 ==================>     TALLY 31: RR_SALT_MT1_MT102     <==================

 Na23
   Total Reaction Rate                  14.7061 +/- 0.00261427
   (n,gamma)                            0.00335925 +/- 2.0364e-06
 Cl35
   Total Reaction Rate                  0.188805 +/- 2.8935e-05
   (n,gamma)                            0.000404476 +/- 4.23918e-07
 Cl37
   Total Reaction Rate                  14.5864 +/- 0.00214864
   (n,gamma)                            0.00627948 +/- 1.70303e-06
 ===============>     TALLY 32: RR_FUEL_MT1_MT18_MT102     <================

 U235
   Total Reaction Rate                  2.16882 +/- 0.000387931
   Fission Rate                         0.332146 +/- 6.87269e-05
   (n,gamma)                            0.0903031 +/- 2.5114e-05
 U238
   Total Reaction Rate                  14.2229 +/- 0.00244471
   Fission Rate                         0.0433445 +/- 1.38746e-05
   (n,gamma)                            0.31924 +/- 8.00759e-05
 ===========================>     TALLY 33     <============================

 Internal

