 ====================>     TALLY 27: FLUX_SPECTRUM     <====================

 Incoming Energy [1e-05, 0.00011)
   Total Material
     Flux                                 0 +/- 0
 Incoming Energy [0.00011, 0.003)
   Total Material
     Flux                                 0 +/- 0
 Incoming Energy [0.003, 0.0055)
   Total Material
     Flux                                 0 +/- 0
 Incoming Energy [0.0055, 0.01)
   Total Material
     Flux                                 0 +/- 0
 Incoming Energy [0.01, 0.015)
   Total Material
     Flux                                 0 +/- 0
 Incoming Energy [0.015, 0.02)
   Total Material
     Flux                                 0 +/- 0
 Incoming Energy [0.02, 0.03)
   Total Material
     Flux                                 0 +/- 0
 Incoming Energy [0.03, 0.032)
   Total Material
     Flux                                 0 +/- 0
 Incoming Energy [0.032, 0.03238)
   Total Material
     Flux                                 0 +/- 0
 Incoming Energy [0.03238, 0.043)
   Total Material
     Flux                                 0 +/- 0
 Incoming Energy [0.043, 0.059)
   Total Material
     Flux                                 0 +/- 0
 Incoming Energy [0.059, 0.077)
   Total Material
     Flux                                 4.78755e-08 +/- 4.78755e-08
 Incoming Energy [0.077, 0.095)
   Total Material
     Flux                                 0 +/- 0
 Incoming Energy [0.095, 0.1)
   Total Material
     Flux                                 0 +/- 0
 Incoming Energy [0.1, 0.115)
   Total Material
     Flux                                 0 +/- 0
 Incoming Energy [0.115, 0.134)
   Total Material
     Flux                                 0 +/- 0
 Incoming Energy [0.134, 0.16)
   Total Material
     Flux                                 0 +/- 0
 Incoming Energy [0.16, 0.189)
   Total Material
     Flux                                 0 +/- 0
 Incoming Energy [0.189, 0.22)
   Total Material
     Flux                                 0 +/- 0
 Incoming Energy [0.22, 0.248)
   Total Material
     Flux                                 0 +/- 0
 Incoming Energy [0.248, 0.2825)
   Total Material
     Flux                                 2.05501e-08 +/- 2.05501e-08
 Incoming Energy [0.2825, 0.3145)
   Total Material
     Flux                                 8.05278e-09 +/- 8.05278e-09
 Incoming Energy [0.3145, 0.352)
   Total Material
     Flux                                 2.21499e-07 +/- 1.53951e-07
 Incoming Energy [0.352, 0.391)
   Total Material
     Flux                                 0 +/- 0
 Incoming Energy [0.391, 0.414)
   Total Material
     Flux                                 0 +/- 0
 Incoming Energy [0.414, 0.433)
   Total Material
     Flux                                 0 +/- 0
 Incoming Energy [0.433, 0.485)
   Total Material
     Flux                                 0 +/- 0
 Incoming Energy [0.485, 0.5316)
   Total Material
     Flux                                 0 +/- 0
 Incoming Energy [0.5316, 0.54)
   Total Material
     Flux                                 0 +/- 0
 Incoming Energy [0.54, 0.625)
   Total Material
     Flux                                 0 +/- 0
 Incoming Energy [0.625, 0.6826)
   Total Material
     Flux                                 1.30571e-06 +/- 1.30571e-06
 Incoming Energy [0.6826, 0.705)
   Total Material
     Flux                                 0 +/- 0
 Incoming Energy [0.705, 0.79)
   Total Material
     Flux                                 0 +/- 0
 Incoming Energy [0.79, 0.86)
   Total Material
     Flux                                 0 +/- 0
 Incoming Energy [0.86, 0.8764)
   Total Material
     Flux                                 0 +/- 0
 Incoming Energy [0.8764, 0.93)
   Total Material
     Flux                                 0 +/- 0
 Incoming Energy [0.93, 0.986)
   Total Material
     Flux                                 0 +/- 0
 Incoming Energy [0.986, 1.01)
   Total Material
     Flux                                 0 +/- 0
 Incoming Energy [1.01, 1.035)
   Total Material
     Flux                                 0 +/- 0
 Incoming Energy [1.035, 1.07)
   Total Material
     Flux                                 0 +/- 0
 Incoming Energy [1.07, 1.08)
   Total Material
     Flux                                 0 +/- 0
 Incoming Energy [1.08, 1.09)
   Total Material
     Flux                                 5.34527e-08 +/- 5.34527e-08
 Incoming Energy [1.09, 1.11)
   Total Material
     Flux                                 0 +/- 0
 Incoming Energy [1.11, 1.125)
   Total Material
     Flux                                 0 +/- 0
 Incoming Energy [1.125, 1.17)
   Total Material
     Flux                                 1.02107e-07 +/- 1.02107e-07
 Incoming Energy [1.17, 1.235)
   Total Material
     Flux                                 9.1443e-07 +/- 5.43079e-07
 Incoming Energy [1.235, 1.305)
   Total Material
     Flux                                 3.8121e-07 +/- 2.39601e-07
 Incoming Energy [1.305, 1.37)
   Total Material
     Flux                                 0 +/- 0
 Incoming Energy [1.37, 1.44)
   Total Material
     Flux                                 5.14115e-07 +/- 2.78199e-07
 Incoming Energy [1.44, 1.445)
   Total Material
     Flux                                 1.41658e-06 +/- 1.41658e-06
 Incoming Energy [1.445, 1.51)
   Total Material
     Flux                                 4.472e-07 +/- 4.472e-07
 Incoming Energy [1.51, 1.59)
   Total Material
     Flux                                 2.1256e-06 +/- 1.14264e-06
 Incoming Energy [1.59, 1.67)
   Total Material
     Flux                                 2.72544e-06 +/- 2.1507e-06
 Incoming Energy [1.67, 1.755)
   Total Material
     Flux                                 9.47471e-07 +/- 5.47871e-07
 Incoming Energy [1.755, 1.84)
   Total Material
     Flux                                 5.69287e-06 +/- 2.56793e-06
 Incoming Energy [1.84, 1.855)
   Total Material
     Flux                                 1.79729e-07 +/- 1.79729e-07
 Incoming Energy [1.855, 1.93)
   Total Material
     Flux                                 4.32913e-06 +/- 2.23924e-06
 Incoming Energy [1.93, 2.02)
   Total Material
     Flux                                 1.92924e-06 +/- 1.06542e-06
 Incoming Energy [2.02, 2.13)
   Total Material
     Flux                                 2.33666e-06 +/- 1.5291e-06
 Incoming Energy [2.13, 2.36)
   Total Material
     Flux                                 9.91e-06 +/- 5.12531e-06
 Incoming Energy [2.36, 2.372)
   Total Material
     Flux                                 2.7638e-07 +/- 2.7638e-07
 Incoming Energy [2.372, 2.768)
   Total Material
     Flux                                 1.75707e-05 +/- 1.00206e-05
 Incoming Energy [2.768, 3.059)
   Total Material
     Flux                                 7.77418e-06 +/- 3.45681e-06
 Incoming Energy [3.059, 3.381)
   Total Material
     Flux                                 1.45988e-05 +/- 4.71339e-06
 Incoming Energy [3.381, 3.928)
   Total Material
     Flux                                 1.541e-05 +/- 4.8677e-06
 Incoming Energy [3.928, 4.129)
   Total Material
     Flux                                 2.41898e-06 +/- 1.10382e-06
 Incoming Energy [4.129, 4.47)
   Total Material
     Flux                                 5.1641e-06 +/- 1.99916e-06
 Incoming Energy [4.47, 4.67)
   Total Material
     Flux                                 1.84008e-06 +/- 1.19378e-06
 Incoming Energy [4.67, 5.043)
   Total Material
     Flux                                 2.03552e-06 +/- 8.88067e-07
 Incoming Energy [5.043, 5.623)
   Total Material
     Flux                                 1.3455e-06 +/- 6.29598e-07
 Incoming Energy [5.623, 6.16)
   Total Material
     Flux                                 3.01491e-06 +/- 1.43257e-06
 Incoming Energy [6.16, 6.476)
   Total Material
     Flux                                 9.80084e-07 +/- 6.14369e-07
 Incoming Energy [6.476, 7.079)
   Total Material
     Flux                                 2.33947e-06 +/- 1.10068e-06
 Incoming Energy [7.079, 7.524)
   Total Material
     Flux                                 3.5647e-06 +/- 1.42678e-06
 Incoming Energy [7.524, 7.943)
   Total Material
     Flux                                 1.95717e-06 +/- 8.55111e-07
 Incoming Energy [7.943, 8.315)
   Total Material
     Flux                                 2.27496e-06 +/- 9.84564e-07
 Incoming Energy [8.315, 8.913)
   Total Material
     Flux                                 6.61247e-06 +/- 1.78558e-06
 Incoming Energy [8.913, 9.19)
   Total Material
     Flux                                 2.23833e-06 +/- 1.11223e-06
 Incoming Energy [9.19, 10)
   Total Material
     Flux                                 2.10381e-05 +/- 7.01082e-06
 Incoming Energy [10, 10.68)
   Total Material
     Flux                                 1.02625e-05 +/- 3.47637e-06
 Incoming Energy [10.68, 11.22)
   Total Material
     Flux                                 2.5936e-06 +/- 8.3609e-07
 Incoming Energy [11.22, 12.59)
   Total Material
     Flux                                 1.46849e-05 +/- 2.91231e-06
 Incoming Energy [12.59, 13.71)
   Total Material
     Flux                                 1.5998e-05 +/- 3.74188e-06
 Incoming Energy [13.71, 15.23)
   Total Material
     Flux                                 7.67409e-06 +/- 2.19241e-06
 Incoming Energy [15.23, 16.74)
   Total Material
     Flux                                 1.76162e-05 +/- 4.31924e-06
 Incoming Energy [16.74, 17.6)
   Total Material
     Flux                                 1.17305e-05 +/- 4.14863e-06
 Incoming Energy [17.6, 19.03)
   Total Material
     Flux                                 8.98602e-06 +/- 2.73473e-06
 Incoming Energy [19.03, 20.45)
   Total Material
     Flux                                 1.81497e-05 +/- 4.38741e-06
 Incoming Energy [20.45, 22.6)
   Total Material
     Flux                                 1.49232e-05 +/- 3.11214e-06
 Incoming Energy [22.6, 24.98)
   Total Material
     Flux                                 4.8175e-05 +/- 7.53818e-06
 Incoming Energy [24.98, 27.92)
   Total Material
     Flux                                 5.28888e-05 +/- 8.45762e-06
 Incoming Energy [27.92, 29.2)
   Total Material
     Flux                                 2.6342e-05 +/- 5.89524e-06
 Incoming Energy [29.2, 30.51)
   Total Material
     Flux                                 3.38244e-05 +/- 7.53112e-06
 Incoming Energy [30.51, 33.89)
   Total Material
     Flux                                 3.84352e-05 +/- 7.43009e-06
 Incoming Energy [33.89, 37.27)
   Total Material
     Flux                                 2.1131e-05 +/- 3.46789e-06
 Incoming Energy [37.27, 39.81)
   Total Material
     Flux                                 2.34571e-05 +/- 3.89834e-06
 Incoming Energy [39.81, 45.52)
   Total Material
     Flux                                 4.35399e-05 +/- 5.27727e-06
 Incoming Energy [45.52, 47.85)
   Total Material
     Flux                                 2.29338e-05 +/- 4.44357e-06
 Incoming Energy [47.85, 50.12)
   Total Material
     Flux                                 3.31074e-05 +/- 5.67064e-06
 Incoming Energy [50.12, 55.59)
   Total Material
     Flux                                 8.58756e-05 +/- 1.06085e-05
 Incoming Energy [55.59, 61.44)
   Total Material
     Flux                                 8.82964e-05 +/- 8.86641e-06
 Incoming Energy [61.44, 63.1)
   Total Material
     Flux                                 2.46085e-05 +/- 4.927e-06
 Incoming Energy [63.1, 67.9)
   Total Material
     Flux                                 7.275e-05 +/- 1.01276e-05
 Incoming Energy [67.9, 70.79)
   Total Material
     Flux                                 5.7917e-05 +/- 8.70326e-06
 Incoming Energy [70.79, 78.89)
   Total Material
     Flux                                 0.000148183 +/- 1.27562e-05
 Incoming Energy [78.89, 85.28)
   Total Material
     Flux                                 0.000132661 +/- 1.30542e-05
 Incoming Energy [85.28, 91.66)
   Total Material
     Flux                                 0.000145017 +/- 1.17287e-05
 Incoming Energy [91.66, 101.3)
   Total Material
     Flux                                 0.000274421 +/- 1.95291e-05
 Incoming Energy [101.3, 112.2)
   Total Material
     Flux                                 0.000293659 +/- 1.89804e-05
 Incoming Energy [112.2, 130.1)
   Total Material
     Flux                                 0.000718994 +/- 3.17066e-05
 Incoming Energy [130.1, 136.7)
   Total Material
     Flux                                 0.000343202 +/- 2.07165e-05
 Incoming Energy [136.7, 158.5)
   Total Material
     Flux                                 0.00144901 +/- 4.80162e-05
 Incoming Energy [158.5, 167)
   Total Material
     Flux                                 0.000492485 +/- 2.07977e-05
 Incoming Energy [167, 177.8)
   Total Material
     Flux                                 0.00112833 +/- 4.27345e-05
 Incoming Energy [177.8, 204)
   Total Material
     Flux                                 0.00255755 +/- 6.25079e-05
 Incoming Energy [204, 214.5)
   Total Material
     Flux                                 0.00160319 +/- 4.01838e-05
 Incoming Energy [214.5, 243)
   Total Material
     Flux                                 0.00528772 +/- 9.11209e-05
 Incoming Energy [243, 275.4)
   Total Material
     Flux                                 0.0097522 +/- 0.000131954
 Incoming Energy [275.4, 304.3)
   Total Material
     Flux                                 0.0126339 +/- 0.000142011
 Incoming Energy [304.3, 353.6)
   Total Material
     Flux                                 0.0336792 +/- 0.000251725
 Incoming Energy [353.6, 398.1)
   Total Material
     Flux                                 0.0314155 +/- 0.000220518
 Incoming Energy [398.1, 454)
   Total Material
     Flux                                 0.063906 +/- 0.000329448
 Incoming Energy [454, 514.5)
   Total Material
     Flux                                 0.0996345 +/- 0.000412419
 Incoming Energy [514.5, 583)
   Total Material
     Flux                                 0.144136 +/- 0.000448736
 Incoming Energy [583, 631)
   Total Material
     Flux                                 0.144534 +/- 0.000457063
 Incoming Energy [631, 677.3)
   Total Material
     Flux                                 0.149243 +/- 0.000480738
 Incoming Energy [677.3, 707.9)
   Total Material
     Flux                                 0.118711 +/- 0.000400436
 Incoming Energy [707.9, 748.5)
   Total Material
     Flux                                 0.160038 +/- 0.00048285
 Incoming Energy [748.5, 848.2)
   Total Material
     Flux                                 0.492687 +/- 0.00103397
 Incoming Energy [848.2, 961.1)
   Total Material
     Flux                                 0.622394 +/- 0.00118933
 Incoming Energy [961.1, 1010)
   Total Material
     Flux                                 0.295521 +/- 0.000578358
 Incoming Energy [1010, 1117)
   Total Material
     Flux                                 0.746057 +/- 0.00120823
 Incoming Energy [1117, 1234)
   Total Material
     Flux                                 0.792185 +/- 0.00110126
 Incoming Energy [1234, 1364)
   Total Material
     Flux                                 0.817999 +/- 0.00105147
 Incoming Energy [1364, 1507)
   Total Material
     Flux                                 1.06717 +/- 0.00120406
 Incoming Energy [1507, 1585)
   Total Material
     Flux                                 0.549546 +/- 0.000792142
 Incoming Energy [1585, 1796)
   Total Material
     Flux                                 1.33595 +/- 0.00142113
 Incoming Energy [1796, 2035)
   Total Material
     Flux                                 1.10232 +/- 0.00104892
 Incoming Energy [2035, 2113)
   Total Material
     Flux                                 0.253909 +/- 0.000366501
 Incoming Energy [2113, 2249)
   Total Material
     Flux                                 0.324218 +/- 0.000385388
 Incoming Energy [2249, 2371)
   Total Material
     Flux                                 0.181008 +/- 0.000235211
 Incoming Energy [2371, 2485)
   Total Material
     Flux                                 0.103315 +/- 0.000138386
 Incoming Energy [2485, 2613)
   Total Material
     Flux                                 0.0615687 +/- 7.99039e-05
 Incoming Energy [2613, 2661)
   Total Material
     Flux                                 0.0134223 +/- 2.90433e-05
 Incoming Energy [2661, 2747)
   Total Material
     Flux                                 0.0163814 +/- 2.63006e-05
 Incoming Energy [2747, 2818)
   Total Material
     Flux                                 0.00997443 +/- 1.66319e-05
 Incoming Energy [2818, 3035)
   Total Material
     Flux                                 0.0395299 +/- 4.43857e-05
 Incoming Energy [3035, 3162)
   Total Material
     Flux                                 0.0450768 +/- 6.55174e-05
 Incoming Energy [3162, 3355)
   Total Material
     Flux                                 0.114436 +/- 0.000149246
 Incoming Energy [3355, 3548)
   Total Material
     Flux                                 0.179789 +/- 0.000248164
 Incoming Energy [3548, 3707)
   Total Material
     Flux                                 0.192101 +/- 0.00024381
 Incoming Energy [3707, 3981)
   Total Material
     Flux                                 0.423434 +/- 0.000472272
 Incoming Energy [3981, 4307)
   Total Material
     Flux                                 0.641029 +/- 0.000699255
 Incoming Energy [4307, 4643)
   Total Material
     Flux                                 0.791532 +/- 0.00082103
 Incoming Energy [4643, 5004)
   Total Material
     Flux                                 0.965941 +/- 0.000984305
 Incoming Energy [5004, 5531)
   Total Material
     Flux                                 1.56791 +/- 0.00130689
 Incoming Energy [5531, 6267)
   Total Material
     Flux                                 2.39749 +/- 0.00181288
 Incoming Energy [6267, 7102)
   Total Material
     Flux                                 2.96971 +/- 0.00208112
 Incoming Energy [7102, 7466)
   Total Material
     Flux                                 1.38281 +/- 0.00135226
 Incoming Energy [7466, 8251)
   Total Material
     Flux                                 3.07718 +/- 0.00212442
 Incoming Energy [8251, 9119)
   Total Material
     Flux                                 1.30908 +/- 0.000975111
 Incoming Energy [9119, 10080)
   Total Material
     Flux                                 2.78061 +/- 0.00188731
 Incoming Energy [10080, 11140)
   Total Material
     Flux                                 3.34215 +/- 0.00236917
 Incoming Energy [11140, 11710)
   Total Material
     Flux                                 1.84438 +/- 0.00154256
 Incoming Energy [11710, 12730)
   Total Material
     Flux                                 3.34309 +/- 0.00212589
 Incoming Energy [12730, 13830)
   Total Material
     Flux                                 3.58255 +/- 0.00218513
 Incoming Energy [13830, 15030)
   Total Material
     Flux                                 3.91555 +/- 0.00255062
 Incoming Energy [15030, 15850)
   Total Material
     Flux                                 2.64826 +/- 0.00176384
 Incoming Energy [15850, 16620)
   Total Material
     Flux                                 2.50549 +/- 0.00185843
 Incoming Energy [16620, 17780)
   Total Material
     Flux                                 3.78079 +/- 0.00237968
 Incoming Energy [17780, 19310)
   Total Material
     Flux                                 4.84951 +/- 0.00262543
 Incoming Energy [19310, 19950)
   Total Material
     Flux                                 2.09592 +/- 0.00178271
 Incoming Energy [19950, 20540)
   Total Material
     Flux                                 1.91481 +/- 0.00154584
 Incoming Energy [20540, 21130)
   Total Material
     Flux                                 1.89508 +/- 0.00153038
 Incoming Energy [21130, 21870)
   Total Material
     Flux                                 2.24259 +/- 0.00152434
 Incoming Energy [21870, 22390)
   Total Material
     Flux                                 1.63267 +/- 0.00145015
 Incoming Energy [22390, 23040)
   Total Material
     Flux                                 2.25464 +/- 0.0016084
 Incoming Energy [23040, 23580)
   Total Material
     Flux                                 1.95625 +/- 0.00156717
 Incoming Energy [23580, 24180)
   Total Material
     Flux                                 2.0113 +/- 0.00148778
 Incoming Energy [24180, 24410)
   Total Material
     Flux                                 0.642277 +/- 0.000778973
 Incoming Energy [24410, 24790)
   Total Material
     Flux                                 0.806632 +/- 0.000711378
 Incoming Energy [24790, 25120)
   Total Material
     Flux                                 0.402716 +/- 0.000422378
 Incoming Energy [25120, 25850)
   Total Material
     Flux                                 0.291932 +/- 0.000248873
 Incoming Energy [25850, 26060)
   Total Material
     Flux                                 0.0953055 +/- 0.000126684
 Incoming Energy [26060, 26610)
   Total Material
     Flux                                 0.460361 +/- 0.000431967
 Incoming Energy [26610, 27000)
   Total Material
     Flux                                 0.484486 +/- 0.000527914
 Incoming Energy [27000, 27380)
   Total Material
     Flux                                 0.565523 +/- 0.000665396
 Incoming Energy [27380, 28180)
   Total Material
     Flux                                 1.32668 +/- 0.00095148
 Incoming Energy [28180, 28500)
   Total Material
     Flux                                 0.609832 +/- 0.000647026
 Incoming Energy [28500, 29010)
   Total Material
     Flux                                 1.02693 +/- 0.000857108
 Incoming Energy [29010, 29850)
   Total Material
     Flux                                 1.71553 +/- 0.00125386
 Incoming Energy [29850, 30730)
   Total Material
     Flux                                 1.85719 +/- 0.00135789
 Incoming Energy [30730, 31620)
   Total Material
     Flux                                 1.88064 +/- 0.00137808
 Incoming Energy [31620, 31830)
   Total Material
     Flux                                 0.439014 +/- 0.000581669
 Incoming Energy [31830, 34310)
   Total Material
     Flux                                 5.23206 +/- 0.00254874
 Incoming Energy [34310, 36980)
   Total Material
     Flux                                 5.68104 +/- 0.00268229
 Incoming Energy [36980, 40870)
   Total Material
     Flux                                 8.04678 +/- 0.00388437
 Incoming Energy [40870, 43590)
   Total Material
     Flux                                 5.97464 +/- 0.00324526
 Incoming Energy [43590, 46310)
   Total Material
     Flux                                 6.03405 +/- 0.00284978
 Incoming Energy [46310, 49390)
   Total Material
     Flux                                 2.72941 +/- 0.00150141
 Incoming Energy [49390, 52480)
   Total Material
     Flux                                 3.38351 +/- 0.00170211
 Incoming Energy [52480, 55170)
   Total Material
     Flux                                 1.81123 +/- 0.00108548
 Incoming Energy [55170, 56560)
   Total Material
     Flux                                 1.39313 +/- 0.00107353
 Incoming Energy [56560, 61730)
   Total Material
     Flux                                 7.45182 +/- 0.00321346
 Incoming Energy [61730, 67380)
   Total Material
     Flux                                 7.69874 +/- 0.00324006
 Incoming Energy [67380, 72000)
   Total Material
     Flux                                 6.34685 +/- 0.00273225
 Incoming Energy [72000, 74990)
   Total Material
     Flux                                 4.10909 +/- 0.00243713
 Incoming Energy [74990, 79500)
   Total Material
     Flux                                 6.02926 +/- 0.00273916
 Incoming Energy [79500, 82300)
   Total Material
     Flux                                 3.45857 +/- 0.00222498
 Incoming Energy [82300, 82500)
   Total Material
     Flux                                 0.247473 +/- 0.000455948
 Incoming Energy [82500, 86520)
   Total Material
     Flux                                 5.45357 +/- 0.00272171
 Incoming Energy [86520, 98040)
   Total Material
     Flux                                 12.3803 +/- 0.00470723
 Incoming Energy [98040, 111100)
   Total Material
     Flux                                 13.4088 +/- 0.00434707
 Incoming Energy [111100, 116800)
   Total Material
     Flux                                 5.56498 +/- 0.00300984
 Incoming Energy [116800, 122800)
   Total Material
     Flux                                 6.19655 +/- 0.00300954
 Incoming Energy [122800, 129100)
   Total Material
     Flux                                 5.89141 +/- 0.00298151
 Incoming Energy [129100, 135700)
   Total Material
     Flux                                 6.9192 +/- 0.00343011
 Incoming Energy [135700, 142600)
   Total Material
     Flux                                 3.26561 +/- 0.00163043
 Incoming Energy [142600, 150000)
   Total Material
     Flux                                 4.25781 +/- 0.00224195
 Incoming Energy [150000, 157600)
   Total Material
     Flux                                 5.27851 +/- 0.00266795
 Incoming Energy [157600, 165700)
   Total Material
     Flux                                 5.82712 +/- 0.00270185
 Incoming Energy [165700, 174200)
   Total Material
     Flux                                 6.06259 +/- 0.00262313
 Incoming Energy [174200, 183200)
   Total Material
     Flux                                 4.92245 +/- 0.00237852
 Incoming Energy [183200, 192500)
   Total Material
     Flux                                 4.65679 +/- 0.00235438
 Incoming Energy [192500, 202400)
   Total Material
     Flux                                 4.02618 +/- 0.00196823
 Incoming Energy [202400, 212800)
   Total Material
     Flux                                 4.47999 +/- 0.00235157
 Incoming Energy [212800, 223700)
   Total Material
     Flux                                 4.50403 +/- 0.00220384
 Incoming Energy [223700, 235200)
   Total Material
     Flux                                 4.88471 +/- 0.00229141
 Incoming Energy [235200, 247200)
   Total Material
     Flux                                 4.13703 +/- 0.00202738
 Incoming Energy [247200, 273200)
   Total Material
     Flux                                 10.9123 +/- 0.00417802
 Incoming Energy [273200, 287300)
   Total Material
     Flux                                 6.34029 +/- 0.0030937
 Incoming Energy [287300, 294500)
   Total Material
     Flux                                 3.33383 +/- 0.00216093
 Incoming Energy [294500, 297200)
   Total Material
     Flux                                 1.27476 +/- 0.00126119
 Incoming Energy [297200, 298500)
   Total Material
     Flux                                 0.500629 +/- 0.000773993
 Incoming Energy [298500, 302000)
   Total Material
     Flux                                 0.973091 +/- 0.000964797
 Incoming Energy [302000, 333700)
   Total Material
     Flux                                 9.98276 +/- 0.00401449
 Incoming Energy [333700, 368800)
   Total Material
     Flux                                 10.5775 +/- 0.00412402
 Incoming Energy [368800, 387700)
   Total Material
     Flux                                 3.99655 +/- 0.00224339
 Incoming Energy [387700, 407600)
   Total Material
     Flux                                 4.5666 +/- 0.00229414
 Incoming Energy [407600, 450500)
   Total Material
     Flux                                 7.57526 +/- 0.00289858
 Incoming Energy [450500, 523400)
   Total Material
     Flux                                 14.9242 +/- 0.00575765
 Incoming Energy [523400, 550200)
   Total Material
     Flux                                 4.15857 +/- 0.00245069
 Incoming Energy [550200, 578400)
   Total Material
     Flux                                 3.68699 +/- 0.00223131
 Incoming Energy [578400, 608100)
   Total Material
     Flux                                 3.31447 +/- 0.00217025
 Incoming Energy [608100, 639300)
   Total Material
     Flux                                 3.01766 +/- 0.00205049
 Incoming Energy [639300, 672100)
   Total Material
     Flux                                 3.02121 +/- 0.0019049
 Incoming Energy [672100, 706500)
   Total Material
     Flux                                 2.63374 +/- 0.00170843
 Incoming Energy [706500, 742700)
   Total Material
     Flux                                 2.44198 +/- 0.00176487
 Incoming Energy [742700, 780800)
   Total Material
     Flux                                 2.88247 +/- 0.00202208
 Incoming Energy [780800, 820900)
   Total Material
     Flux                                 2.68945 +/- 0.00193652
 Incoming Energy [820900, 862900)
   Total Material
     Flux                                 2.87858 +/- 0.00215063
 Incoming Energy [862900, 907200)
   Total Material
     Flux                                 2.64729 +/- 0.00183142
 Incoming Energy [907200, 961600)
   Total Material
     Flux                                 3.13616 +/- 0.00248261
 Incoming Energy [961600, 1003000)
   Total Material
     Flux                                 2.05121 +/- 0.0018999
 Incoming Energy [1003000, 1108000)
   Total Material
     Flux                                 4.96318 +/- 0.00304833
 Incoming Energy [1108000, 1165000)
   Total Material
     Flux                                 2.75936 +/- 0.00223824
 Incoming Energy [1165000, 1225000)
   Total Material
     Flux                                 2.58 +/- 0.00198927
 Incoming Energy [1225000, 1287000)
   Total Material
     Flux                                 2.1063 +/- 0.00156882
 Incoming Energy [1287000, 1353000)
   Total Material
     Flux                                 2.06187 +/- 0.00153656
 Incoming Energy [1353000, 1423000)
   Total Material
     Flux                                 2.01895 +/- 0.00169898
 Incoming Energy [1423000, 1496000)
   Total Material
     Flux                                 1.91383 +/- 0.00164284
 Incoming Energy [1496000, 1572000)
   Total Material
     Flux                                 1.83096 +/- 0.00156474
 Incoming Energy [1572000, 1653000)
   Total Material
     Flux                                 1.67467 +/- 0.00142824
 Incoming Energy [1653000, 1738000)
   Total Material
     Flux                                 1.64163 +/- 0.00140514
 Incoming Energy [1738000, 1827000)
   Total Material
     Flux                                 1.50814 +/- 0.00129598
 Incoming Energy [1827000, 1921000)
   Total Material
     Flux                                 1.53108 +/- 0.00153672
 Incoming Energy [1921000, 2019000)
   Total Material
     Flux                                 1.34362 +/- 0.00137791
 Incoming Energy [2019000, 2122000)
   Total Material
     Flux                                 1.2074 +/- 0.00126123
 Incoming Energy [2122000, 2231000)
   Total Material
     Flux                                 1.17094 +/- 0.00119786
 Incoming Energy [2231000, 2307000)
   Total Material
     Flux                                 0.766329 +/- 0.000971787
 Incoming Energy [2307000, 2346000)
   Total Material
     Flux                                 0.379291 +/- 0.000691848
 Incoming Energy [2346000, 2365000)
   Total Material
     Flux                                 0.180358 +/- 0.000399001
 Incoming Energy [2365000, 2385000)
   Total Material
     Flux                                 0.184721 +/- 0.000423967
 Incoming Energy [2385000, 2466000)
   Total Material
     Flux                                 0.68857 +/- 0.000868711
 Incoming Energy [2466000, 2592000)
   Total Material
     Flux                                 0.991135 +/- 0.00109835
 Incoming Energy [2592000, 2725000)
   Total Material
     Flux                                 0.947796 +/- 0.00116694
 Incoming Energy [2725000, 2865000)
   Total Material
     Flux                                 0.864993 +/- 0.00100384
 Incoming Energy [2865000, 3012000)
   Total Material
     Flux                                 0.793973 +/- 0.00105553
 Incoming Energy [3012000, 3166000)
   Total Material
     Flux                                 0.746054 +/- 0.00100981
 Incoming Energy [3166000, 3329000)
   Total Material
     Flux                                 0.649195 +/- 0.0010214
 Incoming Energy [3329000, 3679000)
   Total Material
     Flux                                 1.08279 +/- 0.00136263
 Incoming Energy [3679000, 4066000)
   Total Material
     Flux                                 0.879203 +/- 0.00115642
 Incoming Energy [4066000, 4493000)
   Total Material
     Flux                                 0.68608 +/- 0.00108354
 Incoming Energy [4493000, 4724000)
   Total Material
     Flux                                 0.28661 +/- 0.000694333
 Incoming Energy [4724000, 4966000)
   Total Material
     Flux                                 0.247856 +/- 0.000602545
 Incoming Energy [4966000, 5220000)
   Total Material
     Flux                                 0.216513 +/- 0.000588091
 Incoming Energy [5220000, 5488000)
   Total Material
     Flux                                 0.186219 +/- 0.000520849
 Incoming Energy [5488000, 5769000)
   Total Material
     Flux                                 0.162781 +/- 0.000512307
 Incoming Energy [5769000, 6065000)
   Total Material
     Flux                                 0.139683 +/- 0.00047889
 Incoming Energy [6065000, 6376000)
   Total Material
     Flux                                 0.11681 +/- 0.000417688
 Incoming Energy [6376000, 6592000)
   Total Material
     Flux                                 0.0672247 +/- 0.000320593
 Incoming Energy [6592000, 6703000)
   Total Material
     Flux                                 0.0309185 +/- 0.000190469
 Incoming Energy [6703000, 7047000)
   Total Material
     Flux                                 0.0817897 +/- 0.000384277
 Incoming Energy [7047000, 7408000)
   Total Material
     Flux                                 0.0664547 +/- 0.000347351
 Incoming Energy [7408000, 7788000)
   Total Material
     Flux                                 0.053298 +/- 0.000305605
 Incoming Energy [7788000, 8187000)
   Total Material
     Flux                                 0.0419786 +/- 0.000262587
 Incoming Energy [8187000, 8607000)
   Total Material
     Flux                                 0.0336429 +/- 0.000259228
 Incoming Energy [8607000, 9048000)
   Total Material
     Flux                                 0.0262716 +/- 0.000200343
 Incoming Energy [9048000, 9512000)
   Total Material
     Flux                                 0.0198399 +/- 0.000180949
 Incoming Energy [9512000, 10000000)
   Total Material
     Flux                                 0.0145978 +/- 0.000158752
 Incoming Energy [10000000, 10510000)
   Total Material
     Flux                                 0.0106379 +/- 0.000130578
 Incoming Energy [10510000, 11050000)
   Total Material
     Flux                                 0.00758759 +/- 0.000113699
 Incoming Energy [11050000, 11620000)
   Total Material
     Flux                                 0.00530698 +/- 0.00010317
 Incoming Energy [11620000, 12210000)
   Total Material
     Flux                                 0.00378643 +/- 8.4886e-05
 Incoming Energy [12210000, 12840000)
   Total Material
     Flux                                 0.00255781 +/- 7.3231e-05
 Incoming Energy [12840000, 13500000)
   Total Material
     Flux                                 0.00168977 +/- 6.09298e-05
 Incoming Energy [13500000, 13840000)
   Total Material
     Flux                                 0.000570604 +/- 3.09368e-05
 Incoming Energy [13840000, 14190000)
   Total Material
     Flux                                 0.000485833 +/- 2.78946e-05
 Incoming Energy [14190000, 14550000)
   Total Material
     Flux                                 0.000354101 +/- 2.73392e-05
 Incoming Energy [14550000, 14920000)
   Total Material
     Flux                                 0.000256899 +/- 2.03329e-05
 Incoming Energy [14920000, 15680000)
   Total Material
     Flux                                 0.000402694 +/- 2.57764e-05
 Incoming Energy [15680000, 16490000)
   Total Material
     Flux                                 0.000201911 +/- 1.88432e-05
 Incoming Energy [16490000, 16910000)
   Total Material
     Flux                                 6.69179e-05 +/- 1.02512e-05
 Incoming Energy [16910000, 17330000)
   Total Material
     Flux                                 4.5438e-05 +/- 9.3589e-06
 Incoming Energy [17330000, 19640000)
   Total Material
     Flux                                 9.15168e-05 +/- 1.19091e-05
 ====================>     TALLY 28: IFP_KINETICS     <=====================

 Total Material
   IFP delayed fraction numerator       0.0046611 +/- 4.49209e-05
   IFP common denominator               0.997681 +/- 0.000245756
   IFP lifetime numerator               9.11568e-07 +/- 8.993e-10
 ==================>     TALLY 29: IFP_BETA_BY_GROUP     <==================

 Delayed Group 1
   Total Material
     IFP delayed fraction numerator       0.0001203 +/- 7.12942e-06
 Delayed Group 2
   Total Material
     IFP delayed fraction numerator       0.0008093 +/- 1.95977e-05
 Delayed Group 3
   Total Material
     IFP delayed fraction numerator       0.0007443 +/- 1.83158e-05
 Delayed Group 4
   Total Material
     IFP delayed fraction numerator       0.00177995 +/- 2.88765e-05
 Delayed Group 5
   Total Material
     IFP delayed fraction numerator       0.000869 +/- 1.97513e-05
 Delayed Group 6
   Total Material
     IFP delayed fraction numerator       0.00033825 +/- 1.23048e-05
 =====================>     TALLY 30: FLUX_TOTAL     <======================

 Total Material
   Flux                                 430.308 +/- 0.0684918
 ==================>     TALLY 31: RR_SALT_MT1_MT102     <==================

 Na23
   Total Reaction Rate                  15.7423 +/- 0.00289462
   (n,gamma)                            0.00381215 +/- 2.42323e-06
 Cl35
   Total Reaction Rate                  0.198228 +/- 3.158e-05
   (n,gamma)                            0.000458981 +/- 5.10413e-07
 Cl37
   Total Reaction Rate                  15.2952 +/- 0.00220979
   (n,gamma)                            0.00680622 +/- 1.93027e-06
 ===============>     TALLY 32: RR_FUEL_MT1_MT18_MT102     <================

 U235
   Total Reaction Rate                  1.26159 +/- 0.000230413
   Fission Rate                         0.196307 +/- 4.19815e-05
   (n,gamma)                            0.0549483 +/- 1.56724e-05
 U238
   Total Reaction Rate                  14.0234 +/- 0.00246274
   Fission Rate                         0.0403658 +/- 1.23914e-05
   (n,gamma)                            0.327684 +/- 8.30452e-05
 ===========================>     TALLY 33     <============================

 Internal

